<?xml version="1.0" encoding="UTF-8"?>
<coverage generated="1731774453">
  <project timestamp="1731774453">
    <file name="C:\laragon\www\AdminPawonkoe\app\Events\ProductCreated.php">
      <class name="App\Events\ProductCreated" namespace="global">
        <metrics complexity="2" methods="2" coveredmethods="1" conditionals="0" coveredconditionals="0" statements="5" coveredstatements="2" elements="7" coveredelements="3"/>
      </class>
      <line num="22" type="method" name="__construct" visibility="public" complexity="1" crap="1" count="60"/>
      <line num="24" type="stmt" count="60"/>
      <line num="25" type="stmt" count="60"/>
      <line num="34" type="method" name="broadcastOn" visibility="public" complexity="1" crap="2" count="0"/>
      <line num="36" type="stmt" count="0"/>
      <line num="37" type="stmt" count="0"/>
      <line num="38" type="stmt" count="0"/>
      <metrics loc="41" ncloc="33" classes="1" methods="2" coveredmethods="1" conditionals="0" coveredconditionals="0" statements="5" coveredstatements="2" elements="7" coveredelements="3"/>
    </file>
    <file name="C:\laragon\www\AdminPawonkoe\app\Events\TransaksiSelesai.php">
      <class name="App\Events\TransaksiSelesai" namespace="global">
        <metrics complexity="2" methods="2" coveredmethods="1" conditionals="0" coveredconditionals="0" statements="4" coveredstatements="1" elements="6" coveredelements="2"/>
      </class>
      <line num="21" type="method" name="__construct" visibility="public" complexity="1" crap="1" count="18"/>
      <line num="25" type="stmt" count="18"/>
      <line num="33" type="method" name="broadcastOn" visibility="public" complexity="1" crap="2" count="0"/>
      <line num="35" type="stmt" count="0"/>
      <line num="36" type="stmt" count="0"/>
      <line num="37" type="stmt" count="0"/>
      <metrics loc="40" ncloc="31" classes="1" methods="2" coveredmethods="1" conditionals="0" coveredconditionals="0" statements="4" coveredstatements="1" elements="6" coveredelements="2"/>
    </file>
    <file name="C:\laragon\www\AdminPawonkoe\app\Http\Controllers\AuthController.php">
      <class name="App\Http\Controllers\AuthController" namespace="global">
        <metrics complexity="6" methods="4" coveredmethods="4" conditionals="0" coveredconditionals="0" statements="37" coveredstatements="37" elements="41" coveredelements="41"/>
      </class>
      <line num="16" type="method" name="loginview" visibility="public" complexity="1" crap="1" count="3"/>
      <line num="18" type="stmt" count="3"/>
      <line num="24" type="method" name="Authlogin" visibility="public" complexity="3" crap="3" count="144"/>
      <line num="26" type="stmt" count="144"/>
      <line num="27" type="stmt" count="144"/>
      <line num="28" type="stmt" count="144"/>
      <line num="29" type="stmt" count="144"/>
      <line num="31" type="stmt" count="141"/>
      <line num="33" type="stmt" count="141"/>
      <line num="34" type="stmt" count="3"/>
      <line num="37" type="stmt" count="3"/>
      <line num="38" type="stmt" count="3"/>
      <line num="39" type="stmt" count="3"/>
      <line num="40" type="stmt" count="3"/>
      <line num="42" type="stmt" count="3"/>
      <line num="45" type="stmt" count="141"/>
      <line num="46" type="stmt" count="141"/>
      <line num="47" type="stmt" count="141"/>
      <line num="48" type="stmt" count="141"/>
      <line num="50" type="stmt" count="141"/>
      <line num="51" type="stmt" count="136"/>
      <line num="53" type="stmt" count="136"/>
      <line num="54" type="stmt" count="136"/>
      <line num="55" type="stmt" count="136"/>
      <line num="56" type="stmt" count="136"/>
      <line num="57" type="stmt" count="136"/>
      <line num="58" type="stmt" count="136"/>
      <line num="60" type="stmt" count="6"/>
      <line num="61" type="stmt" count="6"/>
      <line num="65" type="method" name="throttle" visibility="public" complexity="1" crap="1" count="141"/>
      <line num="67" type="stmt" count="141"/>
      <line num="71" type="method" name="logout" visibility="public" complexity="1" crap="1" count="2"/>
      <line num="74" type="stmt" count="2"/>
      <line num="75" type="stmt" count="2"/>
      <line num="76" type="stmt" count="2"/>
      <line num="77" type="stmt" count="2"/>
      <line num="78" type="stmt" count="2"/>
      <line num="80" type="stmt" count="2"/>
      <line num="81" type="stmt" count="2"/>
      <line num="82" type="stmt" count="2"/>
      <line num="84" type="stmt" count="2"/>
      <metrics loc="87" ncloc="80" classes="1" methods="4" coveredmethods="4" conditionals="0" coveredconditionals="0" statements="37" coveredstatements="37" elements="41" coveredelements="41"/>
    </file>
    <file name="C:\laragon\www\AdminPawonkoe\app\Http\Controllers\BebanKewajibanController.php">
      <class name="App\Http\Controllers\BebanKewajibanController" namespace="global">
        <metrics complexity="10" methods="7" coveredmethods="0" conditionals="0" coveredconditionals="0" statements="101" coveredstatements="85" elements="108" coveredelements="85"/>
      </class>
      <line num="19" type="method" name="index" visibility="public" complexity="1" crap="2" count="0"/>
      <line num="22" type="stmt" count="0"/>
      <line num="24" type="stmt" count="0"/>
      <line num="25" type="stmt" count="0"/>
      <line num="26" type="stmt" count="0"/>
      <line num="28" type="stmt" count="0"/>
      <line num="34" type="method" name="create" visibility="public" complexity="1" crap="2" count="0"/>
      <line num="36" type="stmt" count="0"/>
      <line num="42" type="method" name="store" visibility="public" complexity="2" crap="2.00" count="4"/>
      <line num="44" type="stmt" count="4"/>
      <line num="45" type="stmt" count="4"/>
      <line num="46" type="stmt" count="4"/>
      <line num="47" type="stmt" count="4"/>
      <line num="48" type="stmt" count="4"/>
      <line num="49" type="stmt" count="4"/>
      <line num="50" type="stmt" count="4"/>
      <line num="51" type="stmt" count="4"/>
      <line num="52" type="stmt" count="4"/>
      <line num="53" type="stmt" count="4"/>
      <line num="54" type="stmt" count="4"/>
      <line num="57" type="stmt" count="4"/>
      <line num="59" type="stmt" count="4"/>
      <line num="60" type="stmt" count="4"/>
      <line num="62" type="stmt" count="4"/>
      <line num="63" type="stmt" count="4"/>
      <line num="64" type="stmt" count="4"/>
      <line num="65" type="stmt" count="4"/>
      <line num="66" type="stmt" count="4"/>
      <line num="67" type="stmt" count="4"/>
      <line num="69" type="stmt" count="4"/>
      <line num="70" type="stmt" count="4"/>
      <line num="71" type="stmt" count="4"/>
      <line num="72" type="stmt" count="4"/>
      <line num="73" type="stmt" count="4"/>
      <line num="74" type="stmt" count="4"/>
      <line num="75" type="stmt" count="4"/>
      <line num="76" type="stmt" count="4"/>
      <line num="78" type="stmt" count="4"/>
      <line num="79" type="stmt" count="4"/>
      <line num="80" type="stmt" count="4"/>
      <line num="81" type="stmt" count="4"/>
      <line num="82" type="stmt" count="4"/>
      <line num="83" type="stmt" count="4"/>
      <line num="85" type="stmt" count="4"/>
      <line num="86" type="stmt" count="4"/>
      <line num="87" type="stmt" count="0"/>
      <line num="88" type="stmt" count="0"/>
      <line num="89" type="stmt" count="0"/>
      <line num="97" type="method" name="show" visibility="public" complexity="1" crap="2" count="0"/>
      <line num="100" type="stmt" count="0"/>
      <line num="105" type="method" name="edit" visibility="public" complexity="1" crap="2" count="0"/>
      <line num="107" type="stmt" count="0"/>
      <line num="108" type="stmt" count="0"/>
      <line num="114" type="method" name="update" visibility="public" complexity="2" crap="2" count="1"/>
      <line num="116" type="stmt" count="1"/>
      <line num="117" type="stmt" count="1"/>
      <line num="118" type="stmt" count="1"/>
      <line num="119" type="stmt" count="1"/>
      <line num="120" type="stmt" count="1"/>
      <line num="121" type="stmt" count="1"/>
      <line num="122" type="stmt" count="1"/>
      <line num="123" type="stmt" count="1"/>
      <line num="124" type="stmt" count="1"/>
      <line num="125" type="stmt" count="1"/>
      <line num="126" type="stmt" count="1"/>
      <line num="128" type="stmt" count="1"/>
      <line num="129" type="stmt" count="1"/>
      <line num="130" type="stmt" count="1"/>
      <line num="131" type="stmt" count="1"/>
      <line num="132" type="stmt" count="1"/>
      <line num="133" type="stmt" count="1"/>
      <line num="134" type="stmt" count="1"/>
      <line num="135" type="stmt" count="1"/>
      <line num="136" type="stmt" count="1"/>
      <line num="137" type="stmt" count="1"/>
      <line num="139" type="stmt" count="1"/>
      <line num="141" type="stmt" count="1"/>
      <line num="142" type="stmt" count="1"/>
      <line num="143" type="stmt" count="1"/>
      <line num="144" type="stmt" count="1"/>
      <line num="145" type="stmt" count="1"/>
      <line num="146" type="stmt" count="1"/>
      <line num="147" type="stmt" count="1"/>
      <line num="148" type="stmt" count="1"/>
      <line num="150" type="stmt" count="1"/>
      <line num="151" type="stmt" count="1"/>
      <line num="152" type="stmt" count="1"/>
      <line num="153" type="stmt" count="1"/>
      <line num="154" type="stmt" count="1"/>
      <line num="155" type="stmt" count="1"/>
      <line num="157" type="stmt" count="1"/>
      <line num="158" type="stmt" count="1"/>
      <line num="159" type="stmt" count="0"/>
      <line num="160" type="stmt" count="0"/>
      <line num="169" type="method" name="destroy" visibility="public" complexity="2" crap="2.01" count="1"/>
      <line num="172" type="stmt" count="1"/>
      <line num="174" type="stmt" count="1"/>
      <line num="175" type="stmt" count="1"/>
      <line num="176" type="stmt" count="1"/>
      <line num="177" type="stmt" count="1"/>
      <line num="178" type="stmt" count="1"/>
      <line num="179" type="stmt" count="1"/>
      <line num="181" type="stmt" count="1"/>
      <line num="182" type="stmt" count="1"/>
      <line num="184" type="stmt" count="1"/>
      <line num="185" type="stmt" count="1"/>
      <line num="186" type="stmt" count="0"/>
      <line num="187" type="stmt" count="0"/>
      <metrics loc="193" ncloc="170" classes="1" methods="7" coveredmethods="0" conditionals="0" coveredconditionals="0" statements="101" coveredstatements="85" elements="108" coveredelements="85"/>
    </file>
    <file name="C:\laragon\www\AdminPawonkoe\app\Http\Controllers\CicilanHutangController.php">
      <class name="App\Http\Controllers\CicilanHutangController" namespace="global">
        <metrics complexity="10" methods="7" coveredmethods="1" conditionals="0" coveredconditionals="0" statements="29" coveredstatements="20" elements="36" coveredelements="21"/>
      </class>
      <line num="17" type="method" name="index" visibility="public" complexity="1" crap="2" count="0"/>
      <line num="20" type="stmt" count="0"/>
      <line num="25" type="method" name="create" visibility="public" complexity="1" crap="1" count="1"/>
      <line num="27" type="stmt" count="1"/>
      <line num="28" type="stmt" count="1"/>
      <line num="34" type="method" name="store" visibility="public" complexity="4" crap="4.10" count="2"/>
      <line num="36" type="stmt" count="2"/>
      <line num="39" type="stmt" count="2"/>
      <line num="40" type="stmt" count="2"/>
      <line num="41" type="stmt" count="0"/>
      <line num="45" type="stmt" count="2"/>
      <line num="48" type="stmt" count="2"/>
      <line num="49" type="stmt" count="2"/>
      <line num="50" type="stmt" count="2"/>
      <line num="51" type="stmt" count="2"/>
      <line num="54" type="stmt" count="2"/>
      <line num="56" type="stmt" count="2"/>
      <line num="58" type="stmt" count="1"/>
      <line num="59" type="stmt" count="1"/>
      <line num="60" type="stmt" count="1"/>
      <line num="61" type="stmt" count="1"/>
      <line num="62" type="stmt" count="1"/>
      <line num="63" type="stmt" count="1"/>
      <line num="66" type="stmt" count="2"/>
      <line num="67" type="stmt" count="2"/>
      <line num="68" type="stmt" count="0"/>
      <line num="69" type="stmt" count="0"/>
      <line num="70" type="stmt" count="0"/>
      <line num="77" type="method" name="show" visibility="public" complexity="1" crap="2" count="0"/>
      <line num="80" type="stmt" count="0"/>
      <line num="85" type="method" name="edit" visibility="public" complexity="1" crap="2" count="0"/>
      <line num="88" type="stmt" count="0"/>
      <line num="93" type="method" name="update" visibility="public" complexity="1" crap="2" count="0"/>
      <line num="96" type="stmt" count="0"/>
      <line num="101" type="method" name="destroy" visibility="public" complexity="1" crap="2" count="0"/>
      <line num="104" type="stmt" count="0"/>
      <metrics loc="106" ncloc="76" classes="1" methods="7" coveredmethods="1" conditionals="0" coveredconditionals="0" statements="29" coveredstatements="20" elements="36" coveredelements="21"/>
    </file>
    <file name="C:\laragon\www\AdminPawonkoe\app\Http\Controllers\Controller.php">
      <class name="App\Http\Controllers\Controller" namespace="global">
        <metrics complexity="0" methods="0" coveredmethods="0" conditionals="0" coveredconditionals="0" statements="0" coveredstatements="0" elements="0" coveredelements="0"/>
      </class>
      <metrics loc="13" ncloc="13" classes="0" methods="0" coveredmethods="0" conditionals="0" coveredconditionals="0" statements="0" coveredstatements="0" elements="0" coveredelements="0"/>
    </file>
    <file name="C:\laragon\www\AdminPawonkoe\app\Http\Controllers\DashboardController.php">
      <class name="App\Http\Controllers\DashboardController" namespace="global">
        <metrics complexity="1" methods="1" coveredmethods="0" conditionals="0" coveredconditionals="0" statements="47" coveredstatements="0" elements="48" coveredelements="0"/>
      </class>
      <line num="20" type="method" name="indexDashboard" visibility="public" complexity="1" crap="2" count="0"/>
      <line num="22" type="stmt" count="0"/>
      <line num="23" type="stmt" count="0"/>
      <line num="24" type="stmt" count="0"/>
      <line num="25" type="stmt" count="0"/>
      <line num="26" type="stmt" count="0"/>
      <line num="28" type="stmt" count="0"/>
      <line num="29" type="stmt" count="0"/>
      <line num="31" type="stmt" count="0"/>
      <line num="32" type="stmt" count="0"/>
      <line num="33" type="stmt" count="0"/>
      <line num="34" type="stmt" count="0"/>
      <line num="38" type="stmt" count="0"/>
      <line num="39" type="stmt" count="0"/>
      <line num="40" type="stmt" count="0"/>
      <line num="41" type="stmt" count="0"/>
      <line num="42" type="stmt" count="0"/>
      <line num="43" type="stmt" count="0"/>
      <line num="44" type="stmt" count="0"/>
      <line num="45" type="stmt" count="0"/>
      <line num="47" type="stmt" count="0"/>
      <line num="48" type="stmt" count="0"/>
      <line num="49" type="stmt" count="0"/>
      <line num="50" type="stmt" count="0"/>
      <line num="51" type="stmt" count="0"/>
      <line num="52" type="stmt" count="0"/>
      <line num="54" type="stmt" count="0"/>
      <line num="55" type="stmt" count="0"/>
      <line num="56" type="stmt" count="0"/>
      <line num="58" type="stmt" count="0"/>
      <line num="60" type="stmt" count="0"/>
      <line num="61" type="stmt" count="0"/>
      <line num="62" type="stmt" count="0"/>
      <line num="63" type="stmt" count="0"/>
      <line num="64" type="stmt" count="0"/>
      <line num="71" type="stmt" count="0"/>
      <line num="72" type="stmt" count="0"/>
      <line num="73" type="stmt" count="0"/>
      <line num="74" type="stmt" count="0"/>
      <line num="75" type="stmt" count="0"/>
      <line num="76" type="stmt" count="0"/>
      <line num="77" type="stmt" count="0"/>
      <line num="78" type="stmt" count="0"/>
      <line num="79" type="stmt" count="0"/>
      <line num="80" type="stmt" count="0"/>
      <line num="81" type="stmt" count="0"/>
      <line num="82" type="stmt" count="0"/>
      <line num="83" type="stmt" count="0"/>
      <metrics loc="87" ncloc="80" classes="1" methods="1" coveredmethods="0" conditionals="0" coveredconditionals="0" statements="47" coveredstatements="0" elements="48" coveredelements="0"/>
    </file>
    <file name="C:\laragon\www\AdminPawonkoe\app\Http\Controllers\HomeController.php">
      <class name="App\Http\Controllers\HomeController" namespace="global">
        <metrics complexity="9" methods="4" coveredmethods="0" conditionals="0" coveredconditionals="0" statements="46" coveredstatements="0" elements="50" coveredelements="0"/>
      </class>
      <line num="12" type="method" name="indexImage" visibility="public" complexity="3" crap="12" count="0"/>
      <line num="14" type="stmt" count="0"/>
      <line num="15" type="stmt" count="0"/>
      <line num="16" type="stmt" count="0"/>
      <line num="17" type="stmt" count="0"/>
      <line num="18" type="stmt" count="0"/>
      <line num="20" type="stmt" count="0"/>
      <line num="21" type="stmt" count="0"/>
      <line num="22" type="stmt" count="0"/>
      <line num="23" type="stmt" count="0"/>
      <line num="24" type="stmt" count="0"/>
      <line num="28" type="stmt" count="0"/>
      <line num="33" type="method" name="katalog" visibility="public" complexity="3" crap="12" count="0"/>
      <line num="35" type="stmt" count="0"/>
      <line num="36" type="stmt" count="0"/>
      <line num="37" type="stmt" count="0"/>
      <line num="39" type="stmt" count="0"/>
      <line num="41" type="stmt" count="0"/>
      <line num="42" type="stmt" count="0"/>
      <line num="43" type="stmt" count="0"/>
      <line num="44" type="stmt" count="0"/>
      <line num="45" type="stmt" count="0"/>
      <line num="46" type="stmt" count="0"/>
      <line num="47" type="stmt" count="0"/>
      <line num="48" type="stmt" count="0"/>
      <line num="51" type="stmt" count="0"/>
      <line num="54" type="method" name="productSearch" visibility="public" complexity="1" crap="2" count="0"/>
      <line num="56" type="stmt" count="0"/>
      <line num="57" type="stmt" count="0"/>
      <line num="58" type="stmt" count="0"/>
      <line num="59" type="stmt" count="0"/>
      <line num="60" type="stmt" count="0"/>
      <line num="63" type="method" name="detailProduct" visibility="public" complexity="2" crap="6" count="0"/>
      <line num="65" type="stmt" count="0"/>
      <line num="66" type="stmt" count="0"/>
      <line num="67" type="stmt" count="0"/>
      <line num="68" type="stmt" count="0"/>
      <line num="70" type="stmt" count="0"/>
      <line num="71" type="stmt" count="0"/>
      <line num="74" type="stmt" count="0"/>
      <line num="75" type="stmt" count="0"/>
      <line num="76" type="stmt" count="0"/>
      <line num="77" type="stmt" count="0"/>
      <line num="78" type="stmt" count="0"/>
      <line num="79" type="stmt" count="0"/>
      <line num="80" type="stmt" count="0"/>
      <line num="81" type="stmt" count="0"/>
      <line num="82" type="stmt" count="0"/>
      <line num="83" type="stmt" count="0"/>
      <line num="84" type="stmt" count="0"/>
      <metrics loc="87" ncloc="87" classes="1" methods="4" coveredmethods="0" conditionals="0" coveredconditionals="0" statements="46" coveredstatements="0" elements="50" coveredelements="0"/>
    </file>
    <file name="C:\laragon\www\AdminPawonkoe\app\Http\Controllers\HutangController.php">
      <class name="App\Http\Controllers\HutangController" namespace="global">
        <metrics complexity="27" methods="7" coveredmethods="6" conditionals="0" coveredconditionals="0" statements="140" coveredstatements="137" elements="147" coveredelements="143"/>
      </class>
      <line num="20" type="method" name="index" visibility="public" complexity="1" crap="1" count="2"/>
      <line num="22" type="stmt" count="2"/>
      <line num="24" type="stmt" count="2"/>
      <line num="25" type="stmt" count="2"/>
      <line num="26" type="stmt" count="2"/>
      <line num="32" type="method" name="create" visibility="public" complexity="1" crap="1" count="2"/>
      <line num="34" type="stmt" count="2"/>
      <line num="36" type="stmt" count="2"/>
      <line num="41" type="method" name="store" visibility="public" complexity="10" crap="10" count="22"/>
      <line num="46" type="stmt" count="22"/>
      <line num="48" type="stmt" count="22"/>
      <line num="50" type="stmt" count="22"/>
      <line num="51" type="stmt" count="22"/>
      <line num="52" type="stmt" count="22"/>
      <line num="53" type="stmt" count="22"/>
      <line num="54" type="stmt" count="22"/>
      <line num="55" type="stmt" count="22"/>
      <line num="56" type="stmt" count="22"/>
      <line num="57" type="stmt" count="22"/>
      <line num="58" type="stmt" count="22"/>
      <line num="59" type="stmt" count="22"/>
      <line num="60" type="stmt" count="22"/>
      <line num="61" type="stmt" count="22"/>
      <line num="62" type="stmt" count="22"/>
      <line num="63" type="stmt" count="22"/>
      <line num="64" type="stmt" count="22"/>
      <line num="65" type="stmt" count="22"/>
      <line num="68" type="stmt" count="5"/>
      <line num="69" type="stmt" count="1"/>
      <line num="73" type="stmt" count="4"/>
      <line num="76" type="stmt" count="2"/>
      <line num="77" type="stmt" count="2"/>
      <line num="78" type="stmt" count="2"/>
      <line num="79" type="stmt" count="2"/>
      <line num="80" type="stmt" count="2"/>
      <line num="81" type="stmt" count="2"/>
      <line num="82" type="stmt" count="2"/>
      <line num="83" type="stmt" count="2"/>
      <line num="86" type="stmt" count="4"/>
      <line num="89" type="stmt" count="2"/>
      <line num="90" type="stmt" count="2"/>
      <line num="91" type="stmt" count="2"/>
      <line num="92" type="stmt" count="2"/>
      <line num="93" type="stmt" count="2"/>
      <line num="94" type="stmt" count="2"/>
      <line num="95" type="stmt" count="2"/>
      <line num="96" type="stmt" count="2"/>
      <line num="97" type="stmt" count="2"/>
      <line num="98" type="stmt" count="2"/>
      <line num="99" type="stmt" count="2"/>
      <line num="100" type="stmt" count="2"/>
      <line num="101" type="stmt" count="2"/>
      <line num="104" type="stmt" count="4"/>
      <line num="107" type="stmt" count="4"/>
      <line num="108" type="stmt" count="2"/>
      <line num="109" type="stmt" count="2"/>
      <line num="110" type="stmt" count="2"/>
      <line num="111" type="stmt" count="2"/>
      <line num="112" type="stmt" count="2"/>
      <line num="113" type="stmt" count="2"/>
      <line num="114" type="stmt" count="2"/>
      <line num="115" type="stmt" count="2"/>
      <line num="118" type="stmt" count="4"/>
      <line num="120" type="stmt" count="4"/>
      <line num="121" type="stmt" count="17"/>
      <line num="123" type="stmt" count="17"/>
      <line num="124" type="stmt" count="17"/>
      <line num="131" type="method" name="show" visibility="public" complexity="1" crap="1" count="2"/>
      <line num="134" type="stmt" count="2"/>
      <line num="136" type="stmt" count="2"/>
      <line num="142" type="method" name="edit" visibility="public" complexity="1" crap="1" count="1"/>
      <line num="145" type="stmt" count="1"/>
      <line num="147" type="stmt" count="1"/>
      <line num="153" type="method" name="update" visibility="public" complexity="11" crap="11" count="5"/>
      <line num="155" type="stmt" count="5"/>
      <line num="157" type="stmt" count="5"/>
      <line num="158" type="stmt" count="5"/>
      <line num="159" type="stmt" count="5"/>
      <line num="160" type="stmt" count="5"/>
      <line num="161" type="stmt" count="5"/>
      <line num="162" type="stmt" count="5"/>
      <line num="163" type="stmt" count="5"/>
      <line num="164" type="stmt" count="5"/>
      <line num="166" type="stmt" count="5"/>
      <line num="167" type="stmt" count="5"/>
      <line num="168" type="stmt" count="5"/>
      <line num="169" type="stmt" count="5"/>
      <line num="170" type="stmt" count="5"/>
      <line num="171" type="stmt" count="5"/>
      <line num="172" type="stmt" count="5"/>
      <line num="173" type="stmt" count="5"/>
      <line num="177" type="stmt" count="4"/>
      <line num="180" type="stmt" count="4"/>
      <line num="181" type="stmt" count="2"/>
      <line num="182" type="stmt" count="2"/>
      <line num="184" type="stmt" count="2"/>
      <line num="185" type="stmt" count="1"/>
      <line num="186" type="stmt" count="1"/>
      <line num="187" type="stmt" count="1"/>
      <line num="192" type="stmt" count="3"/>
      <line num="193" type="stmt" count="2"/>
      <line num="194" type="stmt" count="2"/>
      <line num="195" type="stmt" count="2"/>
      <line num="196" type="stmt" count="2"/>
      <line num="197" type="stmt" count="2"/>
      <line num="198" type="stmt" count="2"/>
      <line num="199" type="stmt" count="2"/>
      <line num="200" type="stmt" count="2"/>
      <line num="205" type="stmt" count="2"/>
      <line num="208" type="stmt" count="2"/>
      <line num="209" type="stmt" count="2"/>
      <line num="210" type="stmt" count="2"/>
      <line num="212" type="stmt" count="1"/>
      <line num="213" type="stmt" count="1"/>
      <line num="214" type="stmt" count="1"/>
      <line num="215" type="stmt" count="1"/>
      <line num="216" type="stmt" count="1"/>
      <line num="217" type="stmt" count="1"/>
      <line num="218" type="stmt" count="1"/>
      <line num="219" type="stmt" count="1"/>
      <line num="220" type="stmt" count="1"/>
      <line num="221" type="stmt" count="1"/>
      <line num="223" type="stmt" count="2"/>
      <line num="225" type="stmt" count="2"/>
      <line num="228" type="stmt" count="2"/>
      <line num="229" type="stmt" count="2"/>
      <line num="230" type="stmt" count="1"/>
      <line num="231" type="stmt" count="1"/>
      <line num="232" type="stmt" count="1"/>
      <line num="233" type="stmt" count="1"/>
      <line num="234" type="stmt" count="1"/>
      <line num="235" type="stmt" count="1"/>
      <line num="236" type="stmt" count="1"/>
      <line num="237" type="stmt" count="1"/>
      <line num="241" type="stmt" count="1"/>
      <line num="242" type="stmt" count="3"/>
      <line num="244" type="stmt" count="3"/>
      <line num="252" type="method" name="destroy" visibility="public" complexity="2" crap="2.15" count="2"/>
      <line num="254" type="stmt" count="2"/>
      <line num="256" type="stmt" count="2"/>
      <line num="258" type="stmt" count="2"/>
      <line num="259" type="stmt" count="2"/>
      <line num="260" type="stmt" count="2"/>
      <line num="261" type="stmt" count="2"/>
      <line num="262" type="stmt" count="0"/>
      <line num="263" type="stmt" count="0"/>
      <line num="264" type="stmt" count="0"/>
      <metrics loc="268" ncloc="220" classes="1" methods="7" coveredmethods="6" conditionals="0" coveredconditionals="0" statements="140" coveredstatements="137" elements="147" coveredelements="143"/>
    </file>
    <file name="C:\laragon\www\AdminPawonkoe\app\Http\Controllers\JenisModalController.php">
      <class name="App\Http\Controllers\JenisModalController" namespace="global">
        <metrics complexity="7" methods="7" coveredmethods="0" conditionals="0" coveredconditionals="0" statements="7" coveredstatements="0" elements="14" coveredelements="0"/>
      </class>
      <line num="14" type="method" name="index" visibility="public" complexity="1" crap="2" count="0"/>
      <line num="17" type="stmt" count="0"/>
      <line num="22" type="method" name="create" visibility="public" complexity="1" crap="2" count="0"/>
      <line num="25" type="stmt" count="0"/>
      <line num="30" type="method" name="store" visibility="public" complexity="1" crap="2" count="0"/>
      <line num="33" type="stmt" count="0"/>
      <line num="38" type="method" name="show" visibility="public" complexity="1" crap="2" count="0"/>
      <line num="41" type="stmt" count="0"/>
      <line num="46" type="method" name="edit" visibility="public" complexity="1" crap="2" count="0"/>
      <line num="49" type="stmt" count="0"/>
      <line num="54" type="method" name="update" visibility="public" complexity="1" crap="2" count="0"/>
      <line num="57" type="stmt" count="0"/>
      <line num="62" type="method" name="destroy" visibility="public" complexity="1" crap="2" count="0"/>
      <line num="65" type="stmt" count="0"/>
      <metrics loc="67" ncloc="39" classes="1" methods="7" coveredmethods="0" conditionals="0" coveredconditionals="0" statements="7" coveredstatements="0" elements="14" coveredelements="0"/>
    </file>
    <file name="C:\laragon\www\AdminPawonkoe\app\Http\Controllers\LogController.php">
      <class name="App\Http\Controllers\LogController" namespace="global">
        <metrics complexity="4" methods="1" coveredmethods="0" conditionals="0" coveredconditionals="0" statements="19" coveredstatements="0" elements="20" coveredelements="0"/>
      </class>
      <line num="11" type="method" name="index" visibility="public" complexity="4" crap="20" count="0"/>
      <line num="13" type="stmt" count="0"/>
      <line num="14" type="stmt" count="0"/>
      <line num="15" type="stmt" count="0"/>
      <line num="16" type="stmt" count="0"/>
      <line num="17" type="stmt" count="0"/>
      <line num="19" type="stmt" count="0"/>
      <line num="21" type="stmt" count="0"/>
      <line num="22" type="stmt" count="0"/>
      <line num="24" type="stmt" count="0"/>
      <line num="25" type="stmt" count="0"/>
      <line num="27" type="stmt" count="0"/>
      <line num="28" type="stmt" count="0"/>
      <line num="30" type="stmt" count="0"/>
      <line num="34" type="stmt" count="0"/>
      <line num="35" type="stmt" count="0"/>
      <line num="36" type="stmt" count="0"/>
      <line num="37" type="stmt" count="0"/>
      <line num="39" type="stmt" count="0"/>
      <line num="42" type="stmt" count="0"/>
      <metrics loc="45" ncloc="41" classes="1" methods="1" coveredmethods="0" conditionals="0" coveredconditionals="0" statements="19" coveredstatements="0" elements="20" coveredelements="0"/>
    </file>
    <file name="C:\laragon\www\AdminPawonkoe\app\Http\Controllers\ModalController.php">
      <class name="App\Http\Controllers\ModalController" namespace="global">
        <metrics complexity="7" methods="7" coveredmethods="0" conditionals="0" coveredconditionals="0" statements="85" coveredstatements="24" elements="92" coveredelements="24"/>
      </class>
      <line num="18" type="method" name="index" visibility="public" complexity="1" crap="2" count="0"/>
      <line num="20" type="stmt" count="0"/>
      <line num="22" type="stmt" count="0"/>
      <line num="23" type="stmt" count="0"/>
      <line num="24" type="stmt" count="0"/>
      <line num="25" type="stmt" count="0"/>
      <line num="26" type="stmt" count="0"/>
      <line num="27" type="stmt" count="0"/>
      <line num="30" type="stmt" count="0"/>
      <line num="36" type="method" name="create" visibility="public" complexity="1" crap="2" count="0"/>
      <line num="38" type="stmt" count="0"/>
      <line num="40" type="stmt" count="0"/>
      <line num="46" type="method" name="store" visibility="public" complexity="1" crap="1.02" count="1"/>
      <line num="49" type="stmt" count="1"/>
      <line num="50" type="stmt" count="1"/>
      <line num="51" type="stmt" count="1"/>
      <line num="52" type="stmt" count="1"/>
      <line num="53" type="stmt" count="1"/>
      <line num="54" type="stmt" count="1"/>
      <line num="55" type="stmt" count="1"/>
      <line num="56" type="stmt" count="1"/>
      <line num="57" type="stmt" count="1"/>
      <line num="58" type="stmt" count="1"/>
      <line num="59" type="stmt" count="1"/>
      <line num="60" type="stmt" count="1"/>
      <line num="61" type="stmt" count="1"/>
      <line num="62" type="stmt" count="1"/>
      <line num="64" type="stmt" count="1"/>
      <line num="65" type="stmt" count="1"/>
      <line num="68" type="stmt" count="1"/>
      <line num="69" type="stmt" count="1"/>
      <line num="70" type="stmt" count="1"/>
      <line num="71" type="stmt" count="1"/>
      <line num="72" type="stmt" count="1"/>
      <line num="73" type="stmt" count="1"/>
      <line num="74" type="stmt" count="1"/>
      <line num="75" type="stmt" count="1"/>
      <line num="77" type="stmt" count="0"/>
      <line num="78" type="stmt" count="0"/>
      <line num="79" type="stmt" count="0"/>
      <line num="80" type="stmt" count="0"/>
      <line num="81" type="stmt" count="0"/>
      <line num="82" type="stmt" count="0"/>
      <line num="83" type="stmt" count="0"/>
      <line num="84" type="stmt" count="0"/>
      <line num="85" type="stmt" count="0"/>
      <line num="91" type="method" name="show" visibility="public" complexity="1" crap="2" count="0"/>
      <line num="94" type="stmt" count="0"/>
      <line num="99" type="method" name="edit" visibility="public" complexity="1" crap="2" count="0"/>
      <line num="101" type="stmt" count="0"/>
      <line num="102" type="stmt" count="0"/>
      <line num="103" type="stmt" count="0"/>
      <line num="109" type="method" name="update" visibility="public" complexity="1" crap="2" count="0"/>
      <line num="112" type="stmt" count="0"/>
      <line num="113" type="stmt" count="0"/>
      <line num="114" type="stmt" count="0"/>
      <line num="115" type="stmt" count="0"/>
      <line num="116" type="stmt" count="0"/>
      <line num="117" type="stmt" count="0"/>
      <line num="118" type="stmt" count="0"/>
      <line num="119" type="stmt" count="0"/>
      <line num="120" type="stmt" count="0"/>
      <line num="121" type="stmt" count="0"/>
      <line num="122" type="stmt" count="0"/>
      <line num="123" type="stmt" count="0"/>
      <line num="124" type="stmt" count="0"/>
      <line num="125" type="stmt" count="0"/>
      <line num="126" type="stmt" count="0"/>
      <line num="129" type="stmt" count="0"/>
      <line num="130" type="stmt" count="0"/>
      <line num="133" type="stmt" count="0"/>
      <line num="134" type="stmt" count="0"/>
      <line num="135" type="stmt" count="0"/>
      <line num="136" type="stmt" count="0"/>
      <line num="137" type="stmt" count="0"/>
      <line num="138" type="stmt" count="0"/>
      <line num="139" type="stmt" count="0"/>
      <line num="140" type="stmt" count="0"/>
      <line num="142" type="stmt" count="0"/>
      <line num="144" type="stmt" count="0"/>
      <line num="145" type="stmt" count="0"/>
      <line num="146" type="stmt" count="0"/>
      <line num="147" type="stmt" count="0"/>
      <line num="148" type="stmt" count="0"/>
      <line num="149" type="stmt" count="0"/>
      <line num="150" type="stmt" count="0"/>
      <line num="151" type="stmt" count="0"/>
      <line num="155" type="stmt" count="0"/>
      <line num="162" type="method" name="destroy" visibility="public" complexity="1" crap="2" count="0"/>
      <line num="165" type="stmt" count="0"/>
      <line num="167" type="stmt" count="0"/>
      <line num="170" type="stmt" count="0"/>
      <metrics loc="173" ncloc="142" classes="1" methods="7" coveredmethods="0" conditionals="0" coveredconditionals="0" statements="85" coveredstatements="24" elements="92" coveredelements="24"/>
    </file>
    <file name="C:\laragon\www\AdminPawonkoe\app\Http\Controllers\NotaPiutangController.php">
      <class name="App\Http\Controllers\NotaPiutangController" namespace="global">
        <metrics complexity="7" methods="7" coveredmethods="0" conditionals="0" coveredconditionals="0" statements="7" coveredstatements="0" elements="14" coveredelements="0"/>
      </class>
      <line num="14" type="method" name="index" visibility="public" complexity="1" crap="2" count="0"/>
      <line num="17" type="stmt" count="0"/>
      <line num="22" type="method" name="create" visibility="public" complexity="1" crap="2" count="0"/>
      <line num="25" type="stmt" count="0"/>
      <line num="30" type="method" name="store" visibility="public" complexity="1" crap="2" count="0"/>
      <line num="33" type="stmt" count="0"/>
      <line num="38" type="method" name="show" visibility="public" complexity="1" crap="2" count="0"/>
      <line num="41" type="stmt" count="0"/>
      <line num="46" type="method" name="edit" visibility="public" complexity="1" crap="2" count="0"/>
      <line num="49" type="stmt" count="0"/>
      <line num="54" type="method" name="update" visibility="public" complexity="1" crap="2" count="0"/>
      <line num="57" type="stmt" count="0"/>
      <line num="62" type="method" name="destroy" visibility="public" complexity="1" crap="2" count="0"/>
      <line num="65" type="stmt" count="0"/>
      <metrics loc="67" ncloc="39" classes="1" methods="7" coveredmethods="0" conditionals="0" coveredconditionals="0" statements="7" coveredstatements="0" elements="14" coveredelements="0"/>
    </file>
    <file name="C:\laragon\www\AdminPawonkoe\app\Http\Controllers\PiutangController.php">
      <class name="App\Http\Controllers\PiutangController" namespace="global">
        <metrics complexity="20" methods="7" coveredmethods="1" conditionals="0" coveredconditionals="0" statements="153" coveredstatements="130" elements="160" coveredelements="131"/>
      </class>
      <line num="23" type="method" name="index" visibility="public" complexity="1" crap="2" count="0"/>
      <line num="25" type="stmt" count="0"/>
      <line num="26" type="stmt" count="0"/>
      <line num="27" type="stmt" count="0"/>
      <line num="35" type="stmt" count="0"/>
      <line num="42" type="method" name="create" visibility="public" complexity="1" crap="2" count="0"/>
      <line num="45" type="stmt" count="0"/>
      <line num="51" type="method" name="store" visibility="public" complexity="9" crap="9.06" count="3"/>
      <line num="55" type="stmt" count="3"/>
      <line num="56" type="stmt" count="3"/>
      <line num="57" type="stmt" count="3"/>
      <line num="58" type="stmt" count="3"/>
      <line num="59" type="stmt" count="3"/>
      <line num="60" type="stmt" count="3"/>
      <line num="61" type="stmt" count="3"/>
      <line num="62" type="stmt" count="3"/>
      <line num="63" type="stmt" count="3"/>
      <line num="64" type="stmt" count="3"/>
      <line num="65" type="stmt" count="3"/>
      <line num="66" type="stmt" count="3"/>
      <line num="67" type="stmt" count="3"/>
      <line num="68" type="stmt" count="3"/>
      <line num="69" type="stmt" count="3"/>
      <line num="70" type="stmt" count="3"/>
      <line num="71" type="stmt" count="3"/>
      <line num="72" type="stmt" count="3"/>
      <line num="74" type="stmt" count="3"/>
      <line num="78" type="stmt" count="3"/>
      <line num="79" type="stmt" count="3"/>
      <line num="80" type="stmt" count="0"/>
      <line num="83" type="stmt" count="3"/>
      <line num="84" type="stmt" count="3"/>
      <line num="87" type="stmt" count="3"/>
      <line num="88" type="stmt" count="3"/>
      <line num="89" type="stmt" count="3"/>
      <line num="90" type="stmt" count="3"/>
      <line num="91" type="stmt" count="3"/>
      <line num="92" type="stmt" count="3"/>
      <line num="96" type="stmt" count="3"/>
      <line num="97" type="stmt" count="3"/>
      <line num="98" type="stmt" count="3"/>
      <line num="101" type="stmt" count="3"/>
      <line num="102" type="stmt" count="3"/>
      <line num="105" type="stmt" count="3"/>
      <line num="106" type="stmt" count="3"/>
      <line num="108" type="stmt" count="3"/>
      <line num="109" type="stmt" count="0"/>
      <line num="110" type="stmt" count="0"/>
      <line num="111" type="stmt" count="0"/>
      <line num="114" type="stmt" count="3"/>
      <line num="115" type="stmt" count="3"/>
      <line num="116" type="stmt" count="3"/>
      <line num="117" type="stmt" count="3"/>
      <line num="119" type="stmt" count="3"/>
      <line num="121" type="stmt" count="3"/>
      <line num="122" type="stmt" count="3"/>
      <line num="123" type="stmt" count="3"/>
      <line num="124" type="stmt" count="3"/>
      <line num="129" type="stmt" count="3"/>
      <line num="131" type="stmt" count="3"/>
      <line num="132" type="stmt" count="3"/>
      <line num="133" type="stmt" count="3"/>
      <line num="134" type="stmt" count="3"/>
      <line num="135" type="stmt" count="3"/>
      <line num="136" type="stmt" count="3"/>
      <line num="137" type="stmt" count="3"/>
      <line num="138" type="stmt" count="3"/>
      <line num="143" type="stmt" count="3"/>
      <line num="144" type="stmt" count="3"/>
      <line num="145" type="stmt" count="3"/>
      <line num="147" type="stmt" count="3"/>
      <line num="149" type="stmt" count="3"/>
      <line num="150" type="stmt" count="3"/>
      <line num="152" type="stmt" count="3"/>
      <line num="153" type="stmt" count="3"/>
      <line num="155" type="stmt" count="3"/>
      <line num="156" type="stmt" count="3"/>
      <line num="157" type="stmt" count="3"/>
      <line num="158" type="stmt" count="3"/>
      <line num="159" type="stmt" count="3"/>
      <line num="160" type="stmt" count="3"/>
      <line num="161" type="stmt" count="3"/>
      <line num="162" type="stmt" count="3"/>
      <line num="163" type="stmt" count="0"/>
      <line num="164" type="stmt" count="0"/>
      <line num="165" type="stmt" count="0"/>
      <line num="173" type="method" name="show" visibility="public" complexity="1" crap="2" count="0"/>
      <line num="176" type="stmt" count="0"/>
      <line num="181" type="method" name="edit" visibility="public" complexity="1" crap="2" count="0"/>
      <line num="183" type="stmt" count="0"/>
      <line num="184" type="stmt" count="0"/>
      <line num="185" type="stmt" count="0"/>
      <line num="186" type="stmt" count="0"/>
      <line num="192" type="method" name="update" visibility="public" complexity="6" crap="6.05" count="2"/>
      <line num="194" type="stmt" count="2"/>
      <line num="195" type="stmt" count="2"/>
      <line num="196" type="stmt" count="2"/>
      <line num="197" type="stmt" count="2"/>
      <line num="198" type="stmt" count="2"/>
      <line num="199" type="stmt" count="2"/>
      <line num="200" type="stmt" count="2"/>
      <line num="201" type="stmt" count="2"/>
      <line num="202" type="stmt" count="2"/>
      <line num="205" type="stmt" count="2"/>
      <line num="206" type="stmt" count="2"/>
      <line num="209" type="stmt" count="2"/>
      <line num="213" type="stmt" count="2"/>
      <line num="214" type="stmt" count="2"/>
      <line num="215" type="stmt" count="2"/>
      <line num="216" type="stmt" count="2"/>
      <line num="217" type="stmt" count="2"/>
      <line num="220" type="stmt" count="2"/>
      <line num="221" type="stmt" count="1"/>
      <line num="222" type="stmt" count="1"/>
      <line num="223" type="stmt" count="1"/>
      <line num="225" type="stmt" count="1"/>
      <line num="226" type="stmt" count="0"/>
      <line num="227" type="stmt" count="0"/>
      <line num="228" type="stmt" count="0"/>
      <line num="231" type="stmt" count="1"/>
      <line num="232" type="stmt" count="1"/>
      <line num="233" type="stmt" count="1"/>
      <line num="234" type="stmt" count="1"/>
      <line num="236" type="stmt" count="1"/>
      <line num="238" type="stmt" count="1"/>
      <line num="239" type="stmt" count="1"/>
      <line num="240" type="stmt" count="1"/>
      <line num="241" type="stmt" count="1"/>
      <line num="242" type="stmt" count="1"/>
      <line num="248" type="stmt" count="2"/>
      <line num="249" type="stmt" count="2"/>
      <line num="250" type="stmt" count="2"/>
      <line num="251" type="stmt" count="2"/>
      <line num="252" type="stmt" count="2"/>
      <line num="253" type="stmt" count="2"/>
      <line num="254" type="stmt" count="2"/>
      <line num="255" type="stmt" count="2"/>
      <line num="256" type="stmt" count="2"/>
      <line num="259" type="stmt" count="2"/>
      <line num="260" type="stmt" count="2"/>
      <line num="261" type="stmt" count="2"/>
      <line num="262" type="stmt" count="2"/>
      <line num="263" type="stmt" count="2"/>
      <line num="264" type="stmt" count="2"/>
      <line num="266" type="stmt" count="2"/>
      <line num="267" type="stmt" count="2"/>
      <line num="268" type="stmt" count="0"/>
      <line num="269" type="stmt" count="0"/>
      <line num="270" type="stmt" count="0"/>
      <line num="279" type="method" name="destroy" visibility="public" complexity="1" crap="1" count="1"/>
      <line num="281" type="stmt" count="1"/>
      <line num="282" type="stmt" count="1"/>
      <line num="284" type="stmt" count="1"/>
      <line num="285" type="stmt" count="1"/>
      <line num="286" type="stmt" count="1"/>
      <line num="287" type="stmt" count="1"/>
      <line num="288" type="stmt" count="1"/>
      <line num="289" type="stmt" count="1"/>
      <line num="292" type="stmt" count="1"/>
      <line num="294" type="stmt" count="1"/>
      <metrics loc="297" ncloc="238" classes="1" methods="7" coveredmethods="1" conditionals="0" coveredconditionals="0" statements="153" coveredstatements="130" elements="160" coveredelements="131"/>
    </file>
    <file name="C:\laragon\www\AdminPawonkoe\app\Http\Controllers\PiutangProdukPiutangController.php">
      <class name="App\Http\Controllers\PiutangProdukPiutangController" namespace="global">
        <metrics complexity="7" methods="7" coveredmethods="0" conditionals="0" coveredconditionals="0" statements="7" coveredstatements="0" elements="14" coveredelements="0"/>
      </class>
      <line num="14" type="method" name="index" visibility="public" complexity="1" crap="2" count="0"/>
      <line num="17" type="stmt" count="0"/>
      <line num="22" type="method" name="create" visibility="public" complexity="1" crap="2" count="0"/>
      <line num="25" type="stmt" count="0"/>
      <line num="30" type="method" name="store" visibility="public" complexity="1" crap="2" count="0"/>
      <line num="33" type="stmt" count="0"/>
      <line num="38" type="method" name="show" visibility="public" complexity="1" crap="2" count="0"/>
      <line num="41" type="stmt" count="0"/>
      <line num="46" type="method" name="edit" visibility="public" complexity="1" crap="2" count="0"/>
      <line num="49" type="stmt" count="0"/>
      <line num="54" type="method" name="update" visibility="public" complexity="1" crap="2" count="0"/>
      <line num="57" type="stmt" count="0"/>
      <line num="62" type="method" name="destroy" visibility="public" complexity="1" crap="2" count="0"/>
      <line num="65" type="stmt" count="0"/>
      <metrics loc="67" ncloc="39" classes="1" methods="7" coveredmethods="0" conditionals="0" coveredconditionals="0" statements="7" coveredstatements="0" elements="14" coveredelements="0"/>
    </file>
    <file name="C:\laragon\www\AdminPawonkoe\app\Http\Controllers\PreorderController.php">
      <class name="App\Http\Controllers\PreorderController" namespace="global">
        <metrics complexity="15" methods="6" coveredmethods="2" conditionals="0" coveredconditionals="0" statements="161" coveredstatements="142" elements="167" coveredelements="144"/>
      </class>
      <line num="24" type="method" name="index" visibility="public" complexity="1" crap="1" count="3"/>
      <line num="26" type="stmt" count="3"/>
      <line num="27" type="stmt" count="3"/>
      <line num="28" type="stmt" count="3"/>
      <line num="29" type="stmt" count="3"/>
      <line num="30" type="stmt" count="3"/>
      <line num="31" type="stmt" count="3"/>
      <line num="32" type="stmt" count="3"/>
      <line num="34" type="stmt" count="3"/>
      <line num="35" type="stmt" count="3"/>
      <line num="36" type="stmt" count="3"/>
      <line num="37" type="stmt" count="3"/>
      <line num="38" type="stmt" count="3"/>
      <line num="39" type="stmt" count="3"/>
      <line num="41" type="stmt" count="3"/>
      <line num="42" type="stmt" count="3"/>
      <line num="43" type="stmt" count="3"/>
      <line num="45" type="stmt" count="3"/>
      <line num="48" type="stmt" count="3"/>
      <line num="54" type="method" name="create" visibility="public" complexity="1" crap="2" count="0"/>
      <line num="56" type="stmt" count="0"/>
      <line num="57" type="stmt" count="0"/>
      <line num="58" type="stmt" count="0"/>
      <line num="62" type="method" name="show" visibility="public" complexity="1" crap="1" count="2"/>
      <line num="65" type="stmt" count="2"/>
      <line num="66" type="stmt" count="2"/>
      <line num="70" type="stmt" count="2"/>
      <line num="76" type="method" name="store" visibility="public" complexity="8" crap="8.01" count="30"/>
      <line num="79" type="stmt" count="30"/>
      <line num="80" type="stmt" count="30"/>
      <line num="81" type="stmt" count="30"/>
      <line num="82" type="stmt" count="30"/>
      <line num="83" type="stmt" count="30"/>
      <line num="84" type="stmt" count="30"/>
      <line num="85" type="stmt" count="30"/>
      <line num="86" type="stmt" count="30"/>
      <line num="88" type="stmt" count="30"/>
      <line num="89" type="stmt" count="30"/>
      <line num="90" type="stmt" count="30"/>
      <line num="91" type="stmt" count="30"/>
      <line num="92" type="stmt" count="30"/>
      <line num="93" type="stmt" count="30"/>
      <line num="94" type="stmt" count="30"/>
      <line num="95" type="stmt" count="30"/>
      <line num="96" type="stmt" count="30"/>
      <line num="97" type="stmt" count="30"/>
      <line num="99" type="stmt" count="20"/>
      <line num="100" type="stmt" count="20"/>
      <line num="101" type="stmt" count="1"/>
      <line num="104" type="stmt" count="19"/>
      <line num="105" type="stmt" count="1"/>
      <line num="109" type="stmt" count="18"/>
      <line num="110" type="stmt" count="18"/>
      <line num="113" type="stmt" count="18"/>
      <line num="114" type="stmt" count="0"/>
      <line num="118" type="stmt" count="18"/>
      <line num="119" type="stmt" count="18"/>
      <line num="120" type="stmt" count="1"/>
      <line num="121" type="stmt" count="1"/>
      <line num="122" type="stmt" count="1"/>
      <line num="126" type="stmt" count="17"/>
      <line num="127" type="stmt" count="17"/>
      <line num="129" type="stmt" count="17"/>
      <line num="134" type="stmt" count="17"/>
      <line num="135" type="stmt" count="17"/>
      <line num="137" type="stmt" count="17"/>
      <line num="138" type="stmt" count="17"/>
      <line num="140" type="stmt" count="17"/>
      <line num="145" type="stmt" count="17"/>
      <line num="146" type="stmt" count="17"/>
      <line num="147" type="stmt" count="17"/>
      <line num="148" type="stmt" count="17"/>
      <line num="149" type="stmt" count="17"/>
      <line num="150" type="stmt" count="17"/>
      <line num="151" type="stmt" count="17"/>
      <line num="153" type="stmt" count="17"/>
      <line num="154" type="stmt" count="17"/>
      <line num="155" type="stmt" count="17"/>
      <line num="156" type="stmt" count="17"/>
      <line num="157" type="stmt" count="17"/>
      <line num="158" type="stmt" count="17"/>
      <line num="160" type="stmt" count="17"/>
      <line num="161" type="stmt" count="17"/>
      <line num="162" type="stmt" count="17"/>
      <line num="163" type="stmt" count="17"/>
      <line num="164" type="stmt" count="17"/>
      <line num="165" type="stmt" count="17"/>
      <line num="166" type="stmt" count="17"/>
      <line num="167" type="stmt" count="17"/>
      <line num="168" type="stmt" count="17"/>
      <line num="169" type="stmt" count="17"/>
      <line num="170" type="stmt" count="17"/>
      <line num="171" type="stmt" count="17"/>
      <line num="172" type="stmt" count="17"/>
      <line num="174" type="stmt" count="17"/>
      <line num="175" type="stmt" count="17"/>
      <line num="176" type="stmt" count="17"/>
      <line num="177" type="stmt" count="17"/>
      <line num="180" type="stmt" count="17"/>
      <line num="181" type="stmt" count="17"/>
      <line num="182" type="stmt" count="17"/>
      <line num="183" type="stmt" count="17"/>
      <line num="184" type="stmt" count="17"/>
      <line num="185" type="stmt" count="17"/>
      <line num="188" type="stmt" count="17"/>
      <line num="189" type="stmt" count="17"/>
      <line num="190" type="stmt" count="0"/>
      <line num="191" type="stmt" count="0"/>
      <line num="192" type="stmt" count="0"/>
      <line num="193" type="stmt" count="0"/>
      <line num="202" type="method" name="edit" visibility="public" complexity="1" crap="2" count="0"/>
      <line num="205" type="stmt" count="0"/>
      <line num="206" type="stmt" count="0"/>
      <line num="207" type="stmt" count="0"/>
      <line num="208" type="stmt" count="0"/>
      <line num="214" type="method" name="update" visibility="public" complexity="3" crap="3.02" count="3"/>
      <line num="216" type="stmt" count="3"/>
      <line num="217" type="stmt" count="3"/>
      <line num="218" type="stmt" count="3"/>
      <line num="219" type="stmt" count="3"/>
      <line num="220" type="stmt" count="3"/>
      <line num="221" type="stmt" count="3"/>
      <line num="222" type="stmt" count="3"/>
      <line num="224" type="stmt" count="3"/>
      <line num="225" type="stmt" count="3"/>
      <line num="226" type="stmt" count="3"/>
      <line num="227" type="stmt" count="3"/>
      <line num="228" type="stmt" count="3"/>
      <line num="229" type="stmt" count="3"/>
      <line num="230" type="stmt" count="3"/>
      <line num="233" type="stmt" count="3"/>
      <line num="234" type="stmt" count="3"/>
      <line num="235" type="stmt" count="3"/>
      <line num="237" type="stmt" count="3"/>
      <line num="238" type="stmt" count="0"/>
      <line num="239" type="stmt" count="0"/>
      <line num="240" type="stmt" count="0"/>
      <line num="241" type="stmt" count="0"/>
      <line num="244" type="stmt" count="3"/>
      <line num="245" type="stmt" count="3"/>
      <line num="246" type="stmt" count="3"/>
      <line num="247" type="stmt" count="3"/>
      <line num="248" type="stmt" count="3"/>
      <line num="249" type="stmt" count="3"/>
      <line num="250" type="stmt" count="3"/>
      <line num="251" type="stmt" count="3"/>
      <line num="254" type="stmt" count="3"/>
      <line num="255" type="stmt" count="3"/>
      <line num="256" type="stmt" count="3"/>
      <line num="257" type="stmt" count="3"/>
      <line num="258" type="stmt" count="3"/>
      <line num="259" type="stmt" count="3"/>
      <line num="260" type="stmt" count="3"/>
      <line num="261" type="stmt" count="3"/>
      <line num="262" type="stmt" count="3"/>
      <line num="263" type="stmt" count="3"/>
      <line num="264" type="stmt" count="3"/>
      <line num="265" type="stmt" count="3"/>
      <line num="266" type="stmt" count="3"/>
      <line num="267" type="stmt" count="3"/>
      <line num="268" type="stmt" count="3"/>
      <line num="269" type="stmt" count="3"/>
      <line num="271" type="stmt" count="3"/>
      <line num="272" type="stmt" count="3"/>
      <line num="273" type="stmt" count="0"/>
      <line num="275" type="stmt" count="0"/>
      <line num="277" type="stmt" count="0"/>
      <metrics loc="318" ncloc="252" classes="1" methods="6" coveredmethods="2" conditionals="0" coveredconditionals="0" statements="161" coveredstatements="142" elements="167" coveredelements="144"/>
    </file>
    <file name="C:\laragon\www\AdminPawonkoe\app\Http\Controllers\ProductController.php">
      <class name="App\Http\Controllers\ProductController" namespace="global">
        <metrics complexity="28" methods="7" coveredmethods="0" conditionals="0" coveredconditionals="0" statements="206" coveredstatements="152" elements="213" coveredelements="152"/>
      </class>
      <line num="26" type="method" name="index" visibility="public" complexity="1" crap="2" count="0"/>
      <line num="28" type="stmt" count="0"/>
      <line num="29" type="stmt" count="0"/>
      <line num="30" type="stmt" count="0"/>
      <line num="31" type="stmt" count="0"/>
      <line num="33" type="stmt" count="0"/>
      <line num="34" type="stmt" count="0"/>
      <line num="40" type="method" name="create" visibility="public" complexity="1" crap="2" count="0"/>
      <line num="42" type="stmt" count="0"/>
      <line num="48" type="method" name="store" visibility="public" complexity="9" crap="9.17" count="60"/>
      <line num="51" type="stmt" count="60"/>
      <line num="52" type="stmt" count="60"/>
      <line num="53" type="stmt" count="60"/>
      <line num="54" type="stmt" count="60"/>
      <line num="55" type="stmt" count="60"/>
      <line num="56" type="stmt" count="60"/>
      <line num="57" type="stmt" count="60"/>
      <line num="58" type="stmt" count="60"/>
      <line num="59" type="stmt" count="60"/>
      <line num="60" type="stmt" count="60"/>
      <line num="61" type="stmt" count="60"/>
      <line num="62" type="stmt" count="60"/>
      <line num="63" type="stmt" count="60"/>
      <line num="64" type="stmt" count="60"/>
      <line num="65" type="stmt" count="60"/>
      <line num="66" type="stmt" count="60"/>
      <line num="67" type="stmt" count="60"/>
      <line num="68" type="stmt" count="60"/>
      <line num="69" type="stmt" count="60"/>
      <line num="70" type="stmt" count="60"/>
      <line num="78" type="stmt" count="60"/>
      <line num="80" type="stmt" count="60"/>
      <line num="81" type="stmt" count="60"/>
      <line num="82" type="stmt" count="60"/>
      <line num="83" type="stmt" count="60"/>
      <line num="85" type="stmt" count="60"/>
      <line num="87" type="stmt" count="60"/>
      <line num="89" type="stmt" count="0"/>
      <line num="90" type="stmt" count="0"/>
      <line num="92" type="stmt" count="0"/>
      <line num="95" type="stmt" count="0"/>
      <line num="97" type="stmt" count="0"/>
      <line num="100" type="stmt" count="60"/>
      <line num="101" type="stmt" count="60"/>
      <line num="102" type="stmt" count="60"/>
      <line num="104" type="stmt" count="60"/>
      <line num="105" type="stmt" count="60"/>
      <line num="106" type="stmt" count="60"/>
      <line num="107" type="stmt" count="60"/>
      <line num="108" type="stmt" count="60"/>
      <line num="109" type="stmt" count="60"/>
      <line num="110" type="stmt" count="60"/>
      <line num="111" type="stmt" count="60"/>
      <line num="112" type="stmt" count="60"/>
      <line num="113" type="stmt" count="60"/>
      <line num="114" type="stmt" count="60"/>
      <line num="116" type="stmt" count="60"/>
      <line num="118" type="stmt" count="60"/>
      <line num="120" type="stmt" count="60"/>
      <line num="122" type="stmt" count="60"/>
      <line num="123" type="stmt" count="60"/>
      <line num="124" type="stmt" count="60"/>
      <line num="125" type="stmt" count="60"/>
      <line num="126" type="stmt" count="60"/>
      <line num="130" type="stmt" count="60"/>
      <line num="131" type="stmt" count="60"/>
      <line num="132" type="stmt" count="60"/>
      <line num="133" type="stmt" count="60"/>
      <line num="134" type="stmt" count="60"/>
      <line num="135" type="stmt" count="60"/>
      <line num="139" type="stmt" count="60"/>
      <line num="140" type="stmt" count="60"/>
      <line num="141" type="stmt" count="0"/>
      <line num="143" type="stmt" count="0"/>
      <line num="144" type="stmt" count="0"/>
      <line num="147" type="stmt" count="60"/>
      <line num="148" type="stmt" count="60"/>
      <line num="149" type="stmt" count="60"/>
      <line num="150" type="stmt" count="60"/>
      <line num="151" type="stmt" count="60"/>
      <line num="152" type="stmt" count="60"/>
      <line num="153" type="stmt" count="60"/>
      <line num="155" type="stmt" count="60"/>
      <line num="156" type="stmt" count="60"/>
      <line num="159" type="stmt" count="60"/>
      <line num="160" type="stmt" count="60"/>
      <line num="161" type="stmt" count="60"/>
      <line num="162" type="stmt" count="60"/>
      <line num="163" type="stmt" count="60"/>
      <line num="164" type="stmt" count="60"/>
      <line num="167" type="stmt" count="60"/>
      <line num="169" type="stmt" count="60"/>
      <line num="170" type="stmt" count="60"/>
      <line num="171" type="stmt" count="0"/>
      <line num="174" type="stmt" count="0"/>
      <line num="175" type="stmt" count="0"/>
      <line num="183" type="method" name="show" visibility="public" complexity="4" crap="20" count="0"/>
      <line num="185" type="stmt" count="0"/>
      <line num="186" type="stmt" count="0"/>
      <line num="187" type="stmt" count="0"/>
      <line num="188" type="stmt" count="0"/>
      <line num="189" type="stmt" count="0"/>
      <line num="192" type="stmt" count="0"/>
      <line num="193" type="stmt" count="0"/>
      <line num="195" type="stmt" count="0"/>
      <line num="196" type="stmt" count="0"/>
      <line num="197" type="stmt" count="0"/>
      <line num="198" type="stmt" count="0"/>
      <line num="200" type="stmt" count="0"/>
      <line num="204" type="stmt" count="0"/>
      <line num="205" type="stmt" count="0"/>
      <line num="206" type="stmt" count="0"/>
      <line num="207" type="stmt" count="0"/>
      <line num="208" type="stmt" count="0"/>
      <line num="211" type="method" name="edit" visibility="public" complexity="1" crap="2" count="0"/>
      <line num="213" type="stmt" count="0"/>
      <line num="214" type="stmt" count="0"/>
      <line num="215" type="stmt" count="0"/>
      <line num="216" type="stmt" count="0"/>
      <line num="217" type="stmt" count="0"/>
      <line num="218" type="stmt" count="0"/>
      <line num="219" type="stmt" count="0"/>
      <line num="220" type="stmt" count="0"/>
      <line num="221" type="stmt" count="0"/>
      <line num="223" type="stmt" count="0"/>
      <line num="227" type="method" name="update" visibility="public" complexity="10" crap="10.08" count="1"/>
      <line num="230" type="stmt" count="1"/>
      <line num="231" type="stmt" count="1"/>
      <line num="232" type="stmt" count="1"/>
      <line num="233" type="stmt" count="1"/>
      <line num="234" type="stmt" count="1"/>
      <line num="235" type="stmt" count="1"/>
      <line num="236" type="stmt" count="1"/>
      <line num="237" type="stmt" count="1"/>
      <line num="238" type="stmt" count="1"/>
      <line num="239" type="stmt" count="1"/>
      <line num="240" type="stmt" count="1"/>
      <line num="241" type="stmt" count="1"/>
      <line num="242" type="stmt" count="1"/>
      <line num="243" type="stmt" count="1"/>
      <line num="244" type="stmt" count="1"/>
      <line num="245" type="stmt" count="1"/>
      <line num="246" type="stmt" count="1"/>
      <line num="247" type="stmt" count="1"/>
      <line num="248" type="stmt" count="1"/>
      <line num="249" type="stmt" count="1"/>
      <line num="252" type="stmt" count="1"/>
      <line num="253" type="stmt" count="1"/>
      <line num="254" type="stmt" count="0"/>
      <line num="256" type="stmt" count="1"/>
      <line num="258" type="stmt" count="1"/>
      <line num="261" type="stmt" count="1"/>
      <line num="262" type="stmt" count="1"/>
      <line num="263" type="stmt" count="1"/>
      <line num="264" type="stmt" count="1"/>
      <line num="265" type="stmt" count="1"/>
      <line num="266" type="stmt" count="1"/>
      <line num="268" type="stmt" count="1"/>
      <line num="269" type="stmt" count="1"/>
      <line num="270" type="stmt" count="1"/>
      <line num="271" type="stmt" count="1"/>
      <line num="272" type="stmt" count="1"/>
      <line num="273" type="stmt" count="1"/>
      <line num="275" type="stmt" count="1"/>
      <line num="278" type="stmt" count="1"/>
      <line num="279" type="stmt" count="1"/>
      <line num="280" type="stmt" count="1"/>
      <line num="281" type="stmt" count="1"/>
      <line num="284" type="stmt" count="1"/>
      <line num="289" type="stmt" count="1"/>
      <line num="290" type="stmt" count="1"/>
      <line num="291" type="stmt" count="1"/>
      <line num="292" type="stmt" count="1"/>
      <line num="293" type="stmt" count="1"/>
      <line num="294" type="stmt" count="1"/>
      <line num="295" type="stmt" count="1"/>
      <line num="296" type="stmt" count="1"/>
      <line num="297" type="stmt" count="1"/>
      <line num="298" type="stmt" count="1"/>
      <line num="300" type="stmt" count="1"/>
      <line num="302" type="stmt" count="1"/>
      <line num="303" type="stmt" count="1"/>
      <line num="304" type="stmt" count="1"/>
      <line num="308" type="stmt" count="1"/>
      <line num="309" type="stmt" count="1"/>
      <line num="311" type="stmt" count="1"/>
      <line num="313" type="stmt" count="1"/>
      <line num="314" type="stmt" count="0"/>
      <line num="315" type="stmt" count="0"/>
      <line num="316" type="stmt" count="0"/>
      <line num="322" type="stmt" count="1"/>
      <line num="323" type="stmt" count="1"/>
      <line num="324" type="stmt" count="1"/>
      <line num="325" type="stmt" count="1"/>
      <line num="326" type="stmt" count="1"/>
      <line num="327" type="stmt" count="1"/>
      <line num="329" type="stmt" count="1"/>
      <line num="331" type="stmt" count="1"/>
      <line num="332" type="stmt" count="0"/>
      <line num="334" type="stmt" count="0"/>
      <line num="335" type="stmt" count="0"/>
      <line num="342" type="method" name="destroy" visibility="public" complexity="2" crap="2.02" count="1"/>
      <line num="346" type="stmt" count="1"/>
      <line num="347" type="stmt" count="1"/>
      <line num="348" type="stmt" count="1"/>
      <line num="349" type="stmt" count="1"/>
      <line num="350" type="stmt" count="1"/>
      <line num="351" type="stmt" count="1"/>
      <line num="352" type="stmt" count="1"/>
      <line num="355" type="stmt" count="1"/>
      <line num="357" type="stmt" count="1"/>
      <line num="358" type="stmt" count="0"/>
      <line num="360" type="stmt" count="0"/>
      <metrics loc="364" ncloc="303" classes="1" methods="7" coveredmethods="0" conditionals="0" coveredconditionals="0" statements="206" coveredstatements="152" elements="213" coveredelements="152"/>
    </file>
    <file name="C:\laragon\www\AdminPawonkoe\app\Http\Controllers\ProdukPiutangController.php">
      <class name="App\Http\Controllers\ProdukPiutangController" namespace="global">
        <metrics complexity="7" methods="7" coveredmethods="0" conditionals="0" coveredconditionals="0" statements="7" coveredstatements="0" elements="14" coveredelements="0"/>
      </class>
      <line num="14" type="method" name="index" visibility="public" complexity="1" crap="2" count="0"/>
      <line num="17" type="stmt" count="0"/>
      <line num="22" type="method" name="create" visibility="public" complexity="1" crap="2" count="0"/>
      <line num="25" type="stmt" count="0"/>
      <line num="30" type="method" name="store" visibility="public" complexity="1" crap="2" count="0"/>
      <line num="33" type="stmt" count="0"/>
      <line num="38" type="method" name="show" visibility="public" complexity="1" crap="2" count="0"/>
      <line num="41" type="stmt" count="0"/>
      <line num="46" type="method" name="edit" visibility="public" complexity="1" crap="2" count="0"/>
      <line num="49" type="stmt" count="0"/>
      <line num="54" type="method" name="update" visibility="public" complexity="1" crap="2" count="0"/>
      <line num="57" type="stmt" count="0"/>
      <line num="62" type="method" name="destroy" visibility="public" complexity="1" crap="2" count="0"/>
      <line num="65" type="stmt" count="0"/>
      <metrics loc="67" ncloc="39" classes="1" methods="7" coveredmethods="0" conditionals="0" coveredconditionals="0" statements="7" coveredstatements="0" elements="14" coveredelements="0"/>
    </file>
    <file name="C:\laragon\www\AdminPawonkoe\app\Http\Controllers\ProduksiController.php">
      <class name="App\Http\Controllers\ProduksiController" namespace="global">
        <metrics complexity="10" methods="7" coveredmethods="0" conditionals="0" coveredconditionals="0" statements="82" coveredstatements="67" elements="89" coveredelements="67"/>
      </class>
      <line num="17" type="method" name="index" visibility="public" complexity="1" crap="2" count="0"/>
      <line num="19" type="stmt" count="0"/>
      <line num="21" type="stmt" count="0"/>
      <line num="22" type="stmt" count="0"/>
      <line num="23" type="stmt" count="0"/>
      <line num="29" type="method" name="create" visibility="public" complexity="1" crap="2" count="0"/>
      <line num="31" type="stmt" count="0"/>
      <line num="37" type="method" name="store" visibility="public" complexity="2" crap="2.00" count="3"/>
      <line num="39" type="stmt" count="3"/>
      <line num="40" type="stmt" count="3"/>
      <line num="41" type="stmt" count="3"/>
      <line num="42" type="stmt" count="3"/>
      <line num="43" type="stmt" count="3"/>
      <line num="44" type="stmt" count="3"/>
      <line num="45" type="stmt" count="3"/>
      <line num="46" type="stmt" count="3"/>
      <line num="47" type="stmt" count="3"/>
      <line num="48" type="stmt" count="3"/>
      <line num="49" type="stmt" count="3"/>
      <line num="52" type="stmt" count="3"/>
      <line num="54" type="stmt" count="3"/>
      <line num="55" type="stmt" count="3"/>
      <line num="57" type="stmt" count="3"/>
      <line num="58" type="stmt" count="3"/>
      <line num="59" type="stmt" count="3"/>
      <line num="60" type="stmt" count="3"/>
      <line num="61" type="stmt" count="3"/>
      <line num="62" type="stmt" count="3"/>
      <line num="64" type="stmt" count="3"/>
      <line num="65" type="stmt" count="3"/>
      <line num="66" type="stmt" count="3"/>
      <line num="67" type="stmt" count="3"/>
      <line num="68" type="stmt" count="3"/>
      <line num="69" type="stmt" count="3"/>
      <line num="71" type="stmt" count="3"/>
      <line num="72" type="stmt" count="3"/>
      <line num="73" type="stmt" count="0"/>
      <line num="74" type="stmt" count="0"/>
      <line num="75" type="stmt" count="0"/>
      <line num="83" type="method" name="show" visibility="public" complexity="1" crap="2" count="0"/>
      <line num="86" type="stmt" count="0"/>
      <line num="91" type="method" name="edit" visibility="public" complexity="1" crap="2" count="0"/>
      <line num="93" type="stmt" count="0"/>
      <line num="94" type="stmt" count="0"/>
      <line num="100" type="method" name="update" visibility="public" complexity="2" crap="2.00" count="1"/>
      <line num="102" type="stmt" count="1"/>
      <line num="103" type="stmt" count="1"/>
      <line num="104" type="stmt" count="1"/>
      <line num="105" type="stmt" count="1"/>
      <line num="106" type="stmt" count="1"/>
      <line num="107" type="stmt" count="1"/>
      <line num="108" type="stmt" count="1"/>
      <line num="109" type="stmt" count="1"/>
      <line num="110" type="stmt" count="1"/>
      <line num="111" type="stmt" count="1"/>
      <line num="112" type="stmt" count="1"/>
      <line num="114" type="stmt" count="1"/>
      <line num="115" type="stmt" count="1"/>
      <line num="116" type="stmt" count="1"/>
      <line num="117" type="stmt" count="1"/>
      <line num="118" type="stmt" count="1"/>
      <line num="119" type="stmt" count="1"/>
      <line num="120" type="stmt" count="1"/>
      <line num="121" type="stmt" count="1"/>
      <line num="122" type="stmt" count="1"/>
      <line num="123" type="stmt" count="1"/>
      <line num="125" type="stmt" count="1"/>
      <line num="126" type="stmt" count="1"/>
      <line num="127" type="stmt" count="1"/>
      <line num="128" type="stmt" count="1"/>
      <line num="129" type="stmt" count="1"/>
      <line num="130" type="stmt" count="1"/>
      <line num="132" type="stmt" count="1"/>
      <line num="133" type="stmt" count="1"/>
      <line num="134" type="stmt" count="0"/>
      <line num="135" type="stmt" count="0"/>
      <line num="144" type="method" name="destroy" visibility="public" complexity="2" crap="2.02" count="1"/>
      <line num="147" type="stmt" count="1"/>
      <line num="149" type="stmt" count="1"/>
      <line num="150" type="stmt" count="1"/>
      <line num="151" type="stmt" count="1"/>
      <line num="152" type="stmt" count="1"/>
      <line num="153" type="stmt" count="1"/>
      <line num="154" type="stmt" count="1"/>
      <line num="156" type="stmt" count="1"/>
      <line num="158" type="stmt" count="1"/>
      <line num="159" type="stmt" count="1"/>
      <line num="160" type="stmt" count="0"/>
      <line num="161" type="stmt" count="0"/>
      <metrics loc="167" ncloc="142" classes="1" methods="7" coveredmethods="0" conditionals="0" coveredconditionals="0" statements="82" coveredstatements="67" elements="89" coveredelements="67"/>
    </file>
    <file name="C:\laragon\www\AdminPawonkoe\app\Http\Controllers\RekapController.php">
      <class name="App\Http\Controllers\RekapController" namespace="global">
        <metrics complexity="12" methods="5" coveredmethods="5" conditionals="0" coveredconditionals="0" statements="92" coveredstatements="92" elements="97" coveredelements="97"/>
      </class>
      <line num="32" type="method" name="index" visibility="public" complexity="1" crap="1" count="3"/>
      <line num="34" type="stmt" count="3"/>
      <line num="35" type="stmt" count="3"/>
      <line num="40" type="stmt" count="3"/>
      <line num="41" type="stmt" count="3"/>
      <line num="42" type="stmt" count="3"/>
      <line num="43" type="stmt" count="3"/>
      <line num="44" type="stmt" count="3"/>
      <line num="45" type="stmt" count="3"/>
      <line num="46" type="stmt" count="3"/>
      <line num="47" type="stmt" count="3"/>
      <line num="48" type="stmt" count="3"/>
      <line num="77" type="stmt" count="3"/>
      <line num="78" type="stmt" count="3"/>
      <line num="80" type="stmt" count="3"/>
      <line num="81" type="stmt" count="3"/>
      <line num="84" type="stmt" count="3"/>
      <line num="85" type="stmt" count="3"/>
      <line num="86" type="stmt" count="3"/>
      <line num="87" type="stmt" count="3"/>
      <line num="90" type="method" name="filterRekap" visibility="public" complexity="4" crap="4" count="2"/>
      <line num="92" type="stmt" count="2"/>
      <line num="93" type="stmt" count="2"/>
      <line num="96" type="stmt" count="2"/>
      <line num="98" type="stmt" count="1"/>
      <line num="100" type="stmt" count="1"/>
      <line num="102" type="stmt" count="1"/>
      <line num="103" type="stmt" count="1"/>
      <line num="104" type="stmt" count="1"/>
      <line num="107" type="stmt" count="1"/>
      <line num="108" type="stmt" count="1"/>
      <line num="111" type="stmt" count="1"/>
      <line num="114" type="stmt" count="1"/>
      <line num="118" type="stmt" count="1"/>
      <line num="119" type="stmt" count="1"/>
      <line num="120" type="stmt" count="1"/>
      <line num="121" type="stmt" count="1"/>
      <line num="127" type="stmt" count="1"/>
      <line num="128" type="stmt" count="1"/>
      <line num="131" type="stmt" count="1"/>
      <line num="133" type="stmt" count="1"/>
      <line num="135" type="stmt" count="1"/>
      <line num="136" type="stmt" count="1"/>
      <line num="137" type="stmt" count="1"/>
      <line num="138" type="stmt" count="1"/>
      <line num="141" type="stmt" count="1"/>
      <line num="142" type="stmt" count="1"/>
      <line num="145" type="stmt" count="1"/>
      <line num="148" type="stmt" count="1"/>
      <line num="151" type="stmt" count="1"/>
      <line num="155" type="stmt" count="1"/>
      <line num="156" type="stmt" count="1"/>
      <line num="157" type="stmt" count="1"/>
      <line num="158" type="stmt" count="1"/>
      <line num="165" type="method" name="show" visibility="public" complexity="2" crap="2" count="1"/>
      <line num="167" type="stmt" count="1"/>
      <line num="170" type="stmt" count="1"/>
      <line num="171" type="stmt" count="1"/>
      <line num="172" type="stmt" count="1"/>
      <line num="173" type="stmt" count="1"/>
      <line num="175" type="stmt" count="1"/>
      <line num="176" type="stmt" count="1"/>
      <line num="181" type="stmt" count="1"/>
      <line num="182" type="stmt" count="1"/>
      <line num="183" type="stmt" count="1"/>
      <line num="184" type="stmt" count="1"/>
      <line num="185" type="stmt" count="1"/>
      <line num="186" type="stmt" count="1"/>
      <line num="187" type="stmt" count="1"/>
      <line num="189" type="stmt" count="1"/>
      <line num="192" type="method" name="filter" visibility="public" complexity="4" crap="4" count="9"/>
      <line num="194" type="stmt" count="9"/>
      <line num="196" type="stmt" count="9"/>
      <line num="199" type="stmt" count="9"/>
      <line num="200" type="stmt" count="5"/>
      <line num="201" type="stmt" count="9"/>
      <line num="203" type="stmt" count="9"/>
      <line num="204" type="stmt" count="5"/>
      <line num="208" type="stmt" count="9"/>
      <line num="209" type="stmt" count="1"/>
      <line num="212" type="stmt" count="9"/>
      <line num="213" type="stmt" count="9"/>
      <line num="215" type="stmt" count="9"/>
      <line num="216" type="stmt" count="9"/>
      <line num="217" type="stmt" count="9"/>
      <line num="218" type="stmt" count="9"/>
      <line num="219" type="stmt" count="9"/>
      <line num="220" type="stmt" count="9"/>
      <line num="221" type="stmt" count="9"/>
      <line num="222" type="stmt" count="9"/>
      <line num="223" type="stmt" count="9"/>
      <line num="227" type="method" name="cetak" visibility="public" complexity="1" crap="1" count="1"/>
      <line num="229" type="stmt" count="1"/>
      <line num="230" type="stmt" count="1"/>
      <line num="231" type="stmt" count="1"/>
      <line num="232" type="stmt" count="1"/>
      <line num="233" type="stmt" count="1"/>
      <metrics loc="235" ncloc="184" classes="1" methods="5" coveredmethods="5" conditionals="0" coveredconditionals="0" statements="92" coveredstatements="92" elements="97" coveredelements="97"/>
    </file>
    <file name="C:\laragon\www\AdminPawonkoe\app\Http\Controllers\TemporaryImageController.php">
      <class name="App\Http\Controllers\TemporaryImageController" namespace="global">
        <metrics complexity="9" methods="3" coveredmethods="0" conditionals="0" coveredconditionals="0" statements="39" coveredstatements="0" elements="42" coveredelements="0"/>
      </class>
      <line num="14" type="method" name="uploadTemporary" visibility="public" complexity="3" crap="12" count="0"/>
      <line num="17" type="stmt" count="0"/>
      <line num="18" type="stmt" count="0"/>
      <line num="19" type="stmt" count="0"/>
      <line num="21" type="stmt" count="0"/>
      <line num="22" type="stmt" count="0"/>
      <line num="23" type="stmt" count="0"/>
      <line num="24" type="stmt" count="0"/>
      <line num="25" type="stmt" count="0"/>
      <line num="26" type="stmt" count="0"/>
      <line num="27" type="stmt" count="0"/>
      <line num="28" type="stmt" count="0"/>
      <line num="29" type="stmt" count="0"/>
      <line num="32" type="stmt" count="0"/>
      <line num="35" type="stmt" count="0"/>
[...]
      <line num="37" type="method" name="preorders" visibility="public" complexity="1" crap="1" count="8"/>
      <line num="39" type="stmt" count="8"/>
      <line num="41" type="method" name="history_product_transaksis" visibility="public" complexity="1" crap="1" count="5"/>
      <line num="43" type="stmt" count="5"/>
      <line num="46" type="method" name="scopeSearch" visibility="public" complexity="2" crap="2" count="7"/>
      <line num="48" type="stmt" count="7"/>
      <line num="49" type="stmt" count="4"/>
      <line num="50" type="stmt" count="4"/>
      <line num="51" type="stmt" count="4"/>
      <line num="52" type="stmt" count="4"/>
      <line num="53" type="stmt" count="4"/>
      <line num="54" type="stmt" count="4"/>
      <line num="55" type="stmt" count="4"/>
      <line num="56" type="stmt" count="4"/>
      <line num="57" type="stmt" count="4"/>
      <line num="59" type="stmt" count="3"/>
      <line num="61" type="method" name="rekap" visibility="public" complexity="1" crap="2" count="0"/>
      <line num="63" type="stmt" count="0"/>
      <metrics loc="66" ncloc="65" classes="1" methods="7" coveredmethods="6" conditionals="0" coveredconditionals="0" statements="17" coveredstatements="16" elements="24" coveredelements="22"/>
    </file>
    <file name="C:\laragon\www\AdminPawonkoe\app\Models\User.php">
      <class name="App\Models\User" namespace="global">
        <metrics complexity="0" methods="0" coveredmethods="0" conditionals="0" coveredconditionals="0" statements="0" coveredstatements="0" elements="0" coveredelements="0"/>
      </class>
      <metrics loc="46" ncloc="30" classes="0" methods="0" coveredmethods="0" conditionals="0" coveredconditionals="0" statements="0" coveredstatements="0" elements="0" coveredelements="0"/>
    </file>
    <file name="C:\laragon\www\AdminPawonkoe\app\Models\Varian.php">
      <class name="App\Models\Varian" namespace="global">
        <metrics complexity="1" methods="1" coveredmethods="0" conditionals="0" coveredconditionals="0" statements="1" coveredstatements="0" elements="2" coveredelements="0"/>
      </class>
      <line num="13" type="method" name="product" visibility="public" complexity="1" crap="2" count="0"/>
      <line num="15" type="stmt" count="0"/>
      <metrics loc="18" ncloc="18" classes="1" methods="1" coveredmethods="0" conditionals="0" coveredconditionals="0" statements="1" coveredstatements="0" elements="2" coveredelements="0"/>
    </file>
    <file name="C:\laragon\www\AdminPawonkoe\app\Policies\BebanKewajibanPolicy.php">
      <class name="App\Policies\BebanKewajibanPolicy" namespace="global">
        <metrics complexity="7" methods="7" coveredmethods="0" conditionals="0" coveredconditionals="0" statements="7" coveredstatements="0" elements="14" coveredelements="0"/>
      </class>
      <line num="14" type="method" name="viewAny" visibility="public" complexity="1" crap="2" count="0"/>
      <line num="17" type="stmt" count="0"/>
      <line num="22" type="method" name="view" visibility="public" complexity="1" crap="2" count="0"/>
      <line num="25" type="stmt" count="0"/>
      <line num="30" type="method" name="create" visibility="public" complexity="1" crap="2" count="0"/>
      <line num="33" type="stmt" count="0"/>
      <line num="38" type="method" name="update" visibility="public" complexity="1" crap="2" count="0"/>
      <line num="41" type="stmt" count="0"/>
      <line num="46" type="method" name="delete" visibility="public" complexity="1" crap="2" count="0"/>
      <line num="49" type="stmt" count="0"/>
      <line num="54" type="method" name="restore" visibility="public" complexity="1" crap="2" count="0"/>
      <line num="57" type="stmt" count="0"/>
      <line num="62" type="method" name="forceDelete" visibility="public" complexity="1" crap="2" count="0"/>
      <line num="65" type="stmt" count="0"/>
      <metrics loc="67" ncloc="39" classes="1" methods="7" coveredmethods="0" conditionals="0" coveredconditionals="0" statements="7" coveredstatements="0" elements="14" coveredelements="0"/>
    </file>
    <file name="C:\laragon\www\AdminPawonkoe\app\Policies\CicilanHutangPolicy.php">
      <class name="App\Policies\CicilanHutangPolicy" namespace="global">
        <metrics complexity="7" methods="7" coveredmethods="0" conditionals="0" coveredconditionals="0" statements="7" coveredstatements="0" elements="14" coveredelements="0"/>
      </class>
      <line num="14" type="method" name="viewAny" visibility="public" complexity="1" crap="2" count="0"/>
      <line num="17" type="stmt" count="0"/>
      <line num="22" type="method" name="view" visibility="public" complexity="1" crap="2" count="0"/>
      <line num="25" type="stmt" count="0"/>
      <line num="30" type="method" name="create" visibility="public" complexity="1" crap="2" count="0"/>
      <line num="33" type="stmt" count="0"/>
      <line num="38" type="method" name="update" visibility="public" complexity="1" crap="2" count="0"/>
      <line num="41" type="stmt" count="0"/>
      <line num="46" type="method" name="delete" visibility="public" complexity="1" crap="2" count="0"/>
      <line num="49" type="stmt" count="0"/>
      <line num="54" type="method" name="restore" visibility="public" complexity="1" crap="2" count="0"/>
      <line num="57" type="stmt" count="0"/>
      <line num="62" type="method" name="forceDelete" visibility="public" complexity="1" crap="2" count="0"/>
      <line num="65" type="stmt" count="0"/>
      <metrics loc="67" ncloc="39" classes="1" methods="7" coveredmethods="0" conditionals="0" coveredconditionals="0" statements="7" coveredstatements="0" elements="14" coveredelements="0"/>
    </file>
    <file name="C:\laragon\www\AdminPawonkoe\app\Policies\HutangPolicy.php">
      <class name="App\Policies\HutangPolicy" namespace="global">
        <metrics complexity="7" methods="7" coveredmethods="0" conditionals="0" coveredconditionals="0" statements="7" coveredstatements="0" elements="14" coveredelements="0"/>
      </class>
      <line num="14" type="method" name="viewAny" visibility="public" complexity="1" crap="2" count="0"/>
      <line num="17" type="stmt" count="0"/>
      <line num="22" type="method" name="view" visibility="public" complexity="1" crap="2" count="0"/>
      <line num="25" type="stmt" count="0"/>
      <line num="30" type="method" name="create" visibility="public" complexity="1" crap="2" count="0"/>
      <line num="33" type="stmt" count="0"/>
      <line num="38" type="method" name="update" visibility="public" complexity="1" crap="2" count="0"/>
      <line num="41" type="stmt" count="0"/>
      <line num="46" type="method" name="delete" visibility="public" complexity="1" crap="2" count="0"/>
      <line num="49" type="stmt" count="0"/>
      <line num="54" type="method" name="restore" visibility="public" complexity="1" crap="2" count="0"/>
      <line num="57" type="stmt" count="0"/>
      <line num="62" type="method" name="forceDelete" visibility="public" complexity="1" crap="2" count="0"/>
      <line num="65" type="stmt" count="0"/>
      <metrics loc="67" ncloc="39" classes="1" methods="7" coveredmethods="0" conditionals="0" coveredconditionals="0" statements="7" coveredstatements="0" elements="14" coveredelements="0"/>
    </file>
    <file name="C:\laragon\www\AdminPawonkoe\app\Policies\JenisModalPolicy.php">
      <class name="App\Policies\JenisModalPolicy" namespace="global">
        <metrics complexity="7" methods="7" coveredmethods="0" conditionals="0" coveredconditionals="0" statements="7" coveredstatements="0" elements="14" coveredelements="0"/>
      </class>
      <line num="14" type="method" name="viewAny" visibility="public" complexity="1" crap="2" count="0"/>
      <line num="17" type="stmt" count="0"/>
      <line num="22" type="method" name="view" visibility="public" complexity="1" crap="2" count="0"/>
      <line num="25" type="stmt" count="0"/>
      <line num="30" type="method" name="create" visibility="public" complexity="1" crap="2" count="0"/>
      <line num="33" type="stmt" count="0"/>
      <line num="38" type="method" name="update" visibility="public" complexity="1" crap="2" count="0"/>
      <line num="41" type="stmt" count="0"/>
      <line num="46" type="method" name="delete" visibility="public" complexity="1" crap="2" count="0"/>
      <line num="49" type="stmt" count="0"/>
      <line num="54" type="method" name="restore" visibility="public" complexity="1" crap="2" count="0"/>
      <line num="57" type="stmt" count="0"/>
      <line num="62" type="method" name="forceDelete" visibility="public" complexity="1" crap="2" count="0"/>
      <line num="65" type="stmt" count="0"/>
      <metrics loc="67" ncloc="39" classes="1" methods="7" coveredmethods="0" conditionals="0" coveredconditionals="0" statements="7" coveredstatements="0" elements="14" coveredelements="0"/>
    </file>
    <file name="C:\laragon\www\AdminPawonkoe\app\Policies\ModalPolicy.php">
      <class name="App\Policies\ModalPolicy" namespace="global">
        <metrics complexity="7" methods="7" coveredmethods="0" conditionals="0" coveredconditionals="0" statements="7" coveredstatements="0" elements="14" coveredelements="0"/>
      </class>
      <line num="14" type="method" name="viewAny" visibility="public" complexity="1" crap="2" count="0"/>
      <line num="17" type="stmt" count="0"/>
      <line num="22" type="method" name="view" visibility="public" complexity="1" crap="2" count="0"/>
      <line num="25" type="stmt" count="0"/>
      <line num="30" type="method" name="create" visibility="public" complexity="1" crap="2" count="0"/>
      <line num="33" type="stmt" count="0"/>
      <line num="38" type="method" name="update" visibility="public" complexity="1" crap="2" count="0"/>
      <line num="41" type="stmt" count="0"/>
      <line num="46" type="method" name="delete" visibility="public" complexity="1" crap="2" count="0"/>
      <line num="49" type="stmt" count="0"/>
      <line num="54" type="method" name="restore" visibility="public" complexity="1" crap="2" count="0"/>
      <line num="57" type="stmt" count="0"/>
      <line num="62" type="method" name="forceDelete" visibility="public" complexity="1" crap="2" count="0"/>
      <line num="65" type="stmt" count="0"/>
      <metrics loc="67" ncloc="39" classes="1" methods="7" coveredmethods="0" conditionals="0" coveredconditionals="0" statements="7" coveredstatements="0" elements="14" coveredelements="0"/>
    </file>
    <file name="C:\laragon\www\AdminPawonkoe\app\Policies\NotaPiutangPolicy.php">
      <class name="App\Policies\NotaPiutangPolicy" namespace="global">
        <metrics complexity="7" methods="7" coveredmethods="0" conditionals="0" coveredconditionals="0" statements="7" coveredstatements="0" elements="14" coveredelements="0"/>
      </class>
      <line num="14" type="method" name="viewAny" visibility="public" complexity="1" crap="2" count="0"/>
      <line num="17" type="stmt" count="0"/>
      <line num="22" type="method" name="view" visibility="public" complexity="1" crap="2" count="0"/>
      <line num="25" type="stmt" count="0"/>
      <line num="30" type="method" name="create" visibility="public" complexity="1" crap="2" count="0"/>
      <line num="33" type="stmt" count="0"/>
      <line num="38" type="method" name="update" visibility="public" complexity="1" crap="2" count="0"/>
      <line num="41" type="stmt" count="0"/>
      <line num="46" type="method" name="delete" visibility="public" complexity="1" crap="2" count="0"/>
      <line num="49" type="stmt" count="0"/>
      <line num="54" type="method" name="restore" visibility="public" complexity="1" crap="2" count="0"/>
      <line num="57" type="stmt" count="0"/>
      <line num="62" type="method" name="forceDelete" visibility="public" complexity="1" crap="2" count="0"/>
      <line num="65" type="stmt" count="0"/>
      <metrics loc="67" ncloc="39" classes="1" methods="7" coveredmethods="0" conditionals="0" coveredconditionals="0" statements="7" coveredstatements="0" elements="14" coveredelements="0"/>
    </file>
    <file name="C:\laragon\www\AdminPawonkoe\app\Policies\PiutangPolicy.php">
      <class name="App\Policies\PiutangPolicy" namespace="global">
        <metrics complexity="7" methods="7" coveredmethods="0" conditionals="0" coveredconditionals="0" statements="7" coveredstatements="0" elements="14" coveredelements="0"/>
      </class>
      <line num="14" type="method" name="viewAny" visibility="public" complexity="1" crap="2" count="0"/>
      <line num="17" type="stmt" count="0"/>
      <line num="22" type="method" name="view" visibility="public" complexity="1" crap="2" count="0"/>
      <line num="25" type="stmt" count="0"/>
      <line num="30" type="method" name="create" visibility="public" complexity="1" crap="2" count="0"/>
      <line num="33" type="stmt" count="0"/>
      <line num="38" type="method" name="update" visibility="public" complexity="1" crap="2" count="0"/>
      <line num="41" type="stmt" count="0"/>
      <line num="46" type="method" name="delete" visibility="public" complexity="1" crap="2" count="0"/>
      <line num="49" type="stmt" count="0"/>
      <line num="54" type="method" name="restore" visibility="public" complexity="1" crap="2" count="0"/>
      <line num="57" type="stmt" count="0"/>
      <line num="62" type="method" name="forceDelete" visibility="public" complexity="1" crap="2" count="0"/>
      <line num="65" type="stmt" count="0"/>
      <metrics loc="67" ncloc="39" classes="1" methods="7" coveredmethods="0" conditionals="0" coveredconditionals="0" statements="7" coveredstatements="0" elements="14" coveredelements="0"/>
    </file>
    <file name="C:\laragon\www\AdminPawonkoe\app\Policies\PiutangProdukPiutangPolicy.php">
      <class name="App\Policies\PiutangProdukPiutangPolicy" namespace="global">
        <metrics complexity="7" methods="7" coveredmethods="0" conditionals="0" coveredconditionals="0" statements="7" coveredstatements="0" elements="14" coveredelements="0"/>
      </class>
      <line num="14" type="method" name="viewAny" visibility="public" complexity="1" crap="2" count="0"/>
      <line num="17" type="stmt" count="0"/>
      <line num="22" type="method" name="view" visibility="public" complexity="1" crap="2" count="0"/>
      <line num="25" type="stmt" count="0"/>
      <line num="30" type="method" name="create" visibility="public" complexity="1" crap="2" count="0"/>
      <line num="33" type="stmt" count="0"/>
      <line num="38" type="method" name="update" visibility="public" complexity="1" crap="2" count="0"/>
      <line num="41" type="stmt" count="0"/>
      <line num="46" type="method" name="delete" visibility="public" complexity="1" crap="2" count="0"/>
      <line num="49" type="stmt" count="0"/>
      <line num="54" type="method" name="restore" visibility="public" complexity="1" crap="2" count="0"/>
      <line num="57" type="stmt" count="0"/>
      <line num="62" type="method" name="forceDelete" visibility="public" complexity="1" crap="2" count="0"/>
      <line num="65" type="stmt" count="0"/>
      <metrics loc="67" ncloc="39" classes="1" methods="7" coveredmethods="0" conditionals="0" coveredconditionals="0" statements="7" coveredstatements="0" elements="14" coveredelements="0"/>
    </file>
    <file name="C:\laragon\www\AdminPawonkoe\app\Policies\ProdukPiutangPolicy.php">
      <class name="App\Policies\ProdukPiutangPolicy" namespace="global">
        <metrics complexity="7" methods="7" coveredmethods="0" conditionals="0" coveredconditionals="0" statements="7" coveredstatements="0" elements="14" coveredelements="0"/>
      </class>
      <line num="14" type="method" name="viewAny" visibility="public" complexity="1" crap="2" count="0"/>
      <line num="17" type="stmt" count="0"/>
      <line num="22" type="method" name="view" visibility="public" complexity="1" crap="2" count="0"/>
      <line num="25" type="stmt" count="0"/>
      <line num="30" type="method" name="create" visibility="public" complexity="1" crap="2" count="0"/>
      <line num="33" type="stmt" count="0"/>
      <line num="38" type="method" name="update" visibility="public" complexity="1" crap="2" count="0"/>
      <line num="41" type="stmt" count="0"/>
      <line num="46" type="method" name="delete" visibility="public" complexity="1" crap="2" count="0"/>
      <line num="49" type="stmt" count="0"/>
      <line num="54" type="method" name="restore" visibility="public" complexity="1" crap="2" count="0"/>
      <line num="57" type="stmt" count="0"/>
      <line num="62" type="method" name="forceDelete" visibility="public" complexity="1" crap="2" count="0"/>
      <line num="65" type="stmt" count="0"/>
      <metrics loc="67" ncloc="39" classes="1" methods="7" coveredmethods="0" conditionals="0" coveredconditionals="0" statements="7" coveredstatements="0" elements="14" coveredelements="0"/>
    </file>
    <file name="C:\laragon\www\AdminPawonkoe\app\Policies\ProduksiPolicy.php">
      <class name="App\Policies\ProduksiPolicy" namespace="global">
        <metrics complexity="7" methods="7" coveredmethods="0" conditionals="0" coveredconditionals="0" statements="7" coveredstatements="0" elements="14" coveredelements="0"/>
      </class>
      <line num="14" type="method" name="viewAny" visibility="public" complexity="1" crap="2" count="0"/>
      <line num="17" type="stmt" count="0"/>
      <line num="22" type="method" name="view" visibility="public" complexity="1" crap="2" count="0"/>
      <line num="25" type="stmt" count="0"/>
      <line num="30" type="method" name="create" visibility="public" complexity="1" crap="2" count="0"/>
      <line num="33" type="stmt" count="0"/>
      <line num="38" type="method" name="update" visibility="public" complexity="1" crap="2" count="0"/>
      <line num="41" type="stmt" count="0"/>
      <line num="46" type="method" name="delete" visibility="public" complexity="1" crap="2" count="0"/>
      <line num="49" type="stmt" count="0"/>
      <line num="54" type="method" name="restore" visibility="public" complexity="1" crap="2" count="0"/>
      <line num="57" type="stmt" count="0"/>
      <line num="62" type="method" name="forceDelete" visibility="public" complexity="1" crap="2" count="0"/>
      <line num="65" type="stmt" count="0"/>
      <metrics loc="67" ncloc="39" classes="1" methods="7" coveredmethods="0" conditionals="0" coveredconditionals="0" statements="7" coveredstatements="0" elements="14" coveredelements="0"/>
    </file>
    <file name="C:\laragon\www\AdminPawonkoe\app\Providers\AppServiceProvider.php">
      <class name="App\Providers\AppServiceProvider" namespace="global">
        <metrics complexity="2" methods="2" coveredmethods="2" conditionals="0" coveredconditionals="0" statements="10" coveredstatements="10" elements="12" coveredelements="12"/>
      </class>
      <line num="18" type="method" name="register" visibility="public" complexity="1" crap="1" count="147"/>
      <line num="21" type="stmt" count="147"/>
      <line num="26" type="method" name="boot" visibility="public" complexity="1" crap="1" count="147"/>
      <line num="28" type="stmt" count="147"/>
      <line num="29" type="stmt" count="147"/>
      <line num="31" type="stmt" count="45"/>
      <line num="32" type="stmt" count="45"/>
      <line num="33" type="stmt" count="45"/>
      <line num="34" type="stmt" count="45"/>
      <line num="35" type="stmt" count="45"/>
      <line num="38" type="stmt" count="45"/>
      <line num="39" type="stmt" count="147"/>
      <metrics loc="42" ncloc="33" classes="1" methods="2" coveredmethods="2" conditionals="0" coveredconditionals="0" statements="10" coveredstatements="10" elements="12" coveredelements="12"/>
    </file>
    <metrics files="77" loc="5186" ncloc="4057" classes="72" methods="261" coveredmethods="43" conditionals="0" coveredconditionals="0" statements="1619" coveredstatements="1053" elements="1880" coveredelements="1096"/>
  </project>
</coverage>
